{"meta": {"format": 3, "version": "7.11.0", "timestamp": "2025-10-18T03:27:14.372213", "branch_coverage": true, "show_contexts": false}, "files": {"tools/supplychain/ai_query_engine.py": {"executed_lines": [2, 9, 10, 11, 12, 13, 14, 15, 18, 19, 20, 22, 23, 24, 25, 26, 29, 30, 33, 58, 68, 69, 70, 72, 73, 75, 85, 86, 87, 89, 90, 91, 92, 93, 96, 97, 98, 101, 103, 106, 107, 108, 109, 111, 112, 113, 119, 131, 132, 134, 137, 138, 139, 140, 141, 144, 157, 159, 161, 162, 163, 164, 165, 172, 173, 174, 175, 177, 179, 187, 190, 191, 200, 202, 203, 204, 205, 206, 212, 213, 214, 215, 217, 220, 222, 230, 232, 243, 244, 245, 247, 250, 258, 260, 261, 270, 273, 275, 276, 277, 278, 280, 282, 290, 300, 335, 337, 339, 348, 358, 360, 363, 365, 366, 367, 368, 370, 378, 380, 387, 388, 389, 392, 393, 394, 396, 397, 398, 399, 401, 410, 453, 455, 476, 482, 487, 493, 495, 496, 498, 500, 502, 504, 511, 514, 515, 516, 518, 519, 520, 521, 526, 528, 529, 530, 539], "summary": {"covered_lines": 152, "num_statements": 209, "percent_covered": 72.5085910652921, "percent_covered_display": "73", "missing_lines": 57, "excluded_lines": 2, "num_branches": 82, "num_partial_branches": 9, "covered_branches": 59, "missing_branches": 23}, "missing_lines": [192, 218, 233, 234, 235, 248, 262, 292, 302, 303, 304, 312, 313, 315, 316, 317, 318, 319, 320, 323, 325, 327, 350, 416, 417, 418, 419, 420, 421, 423, 424, 425, 427, 428, 430, 431, 432, 434, 436, 437, 439, 440, 441, 442, 444, 446, 447, 448, 449, 450, 524, 531, 532, 533, 534, 535, 536], "excluded_lines": [539, 540], "executed_branches": [[72, -58], [72, 73], [86, 87], [86, 89], [97, 98], [97, 101], [106, -103], [106, 107], [107, 106], [107, 108], [108, 106], [108, 109], [109, 111], [112, 113], [131, 132], [131, 134], [137, 138], [137, 144], [139, 137], [139, 140], [162, 163], [162, 172], [164, 162], [164, 165], [172, 173], [172, 177], [174, 175], [174, 179], [191, 200], [203, 204], [203, 212], [205, 203], [205, 206], [212, 213], [212, 220], [214, 215], [214, 217], [217, 222], [232, 243], [244, 245], [244, 247], [247, 250], [261, 270], [275, 276], [275, 280], [277, 278], [277, 282], [366, 367], [366, 370], [387, 388], [387, 392], [398, 399], [398, 401], [498, 500], [502, 504], [502, 514], [518, 519], [520, 521], [520, 526]], "missing_branches": [[109, 108], [112, 108], [191, 192], [217, 218], [232, 233], [247, 248], [261, 262], [303, 304], [303, 312], [315, 316], [315, 325], [319, 320], [319, 323], [427, 428], [427, 430], [430, 431], [430, 434], [439, 440], [439, 444], [441, 442], [441, 444], [498, 524], [518, 526]], "functions": {"AIQueryEngine.__init__": {"executed_lines": [68, 69, 70, 72, 73], "summary": {"covered_lines": 5, "num_statements": 5, "percent_covered": 100.0, "percent_covered_display": "100", "missing_lines": 0, "excluded_lines": 0, "num_branches": 2, "num_partial_branches": 0, "covered_branches": 2, "missing_branches": 0}, "missing_lines": [], "excluded_lines": [], "executed_branches": [[72, -58], [72, 73]], "missing_branches": []}, "AIQueryEngine.load_sbom": {"executed_lines": [85, 86, 87, 89, 90, 91, 92, 93, 96, 97, 98, 101], "summary": {"covered_lines": 12, "num_statements": 12, "percent_covered": 100.0, "percent_covered_display": "100", "missing_lines": 0, "excluded_lines": 0, "num_branches": 4, "num_partial_branches": 0, "covered_branches": 4, "missing_branches": 0}, "missing_lines": [], "excluded_lines": [], "executed_branches": [[86, 87], [86, 89], [97, 98], [97, 101]], "missing_branches": []}, "AIQueryEngine._load_vulnerabilities": {"executed_lines": [106, 107, 108, 109, 111, 112, 113], "summary": {"covered_lines": 7, "num_statements": 7, "percent_covered": 88.23529411764706, "percent_covered_display": "88", "missing_lines": 0, "excluded_lines": 0, "num_branches": 10, "num_partial_branches": 2, "covered_branches": 8, "missing_branches": 2}, "missing_lines": [], "excluded_lines": [], "executed_branches": [[106, -103], [106, 107], [107, 106], [107, 108], [108, 106], [108, 109], [109, 111], [112, 113]], "missing_branches": [[109, 108], [112, 108]]}, "AIQueryEngine.query": {"executed_lines": [131, 132, 134, 137, 138, 139, 140, 141, 144], "summary": {"covered_lines": 9, "num_statements": 9, "percent_covered": 100.0, "percent_covered_display": "100", "missing_lines": 0, "excluded_lines": 0, "num_branches": 6, "num_partial_branches": 0, "covered_branches": 6, "missing_branches": 0}, "missing_lines": [], "excluded_lines": [], "executed_branches": [[131, 132], [131, 134], [137, 138], [137, 144], [139, 137], [139, 140]], "missing_branches": []}, "AIQueryEngine._handle_find_dependencies": {"executed_lines": [159, 161, 162, 163, 164, 165, 172, 173, 174, 175, 177, 179], "summary": {"covered_lines": 12, "num_statements": 12, "percent_covered": 100.0, "percent_covered_display": "100", "missing_lines": 0, "excluded_lines": 0, "num_branches": 8, "num_partial_branches": 0, "covered_branches": 8, "missing_branches": 0}, "missing_lines": [], "excluded_lines": [], "executed_branches": [[162, 163], [162, 172], [164, 162], [164, 165], [172, 173], [172, 177], [174, 175], [174, 179]], "missing_branches": []}, "AIQueryEngine._handle_find_by_license": {"executed_lines": [190, 191, 200, 202, 203, 204, 205, 206, 212, 213, 214, 215, 217, 220, 222], "summary": {"covered_lines": 15, "num_statements": 17, "percent_covered": 86.20689655172414, "percent_covered_display": "86", "missing_lines": 2, "excluded_lines": 0, "num_branches": 12, "num_partial_branches": 2, "covered_branches": 10, "missing_branches": 2}, "missing_lines": [192, 218], "excluded_lines": [], "executed_branches": [[191, 200], [203, 204], [203, 212], [205, 203], [205, 206], [212, 213], [212, 220], [214, 215], [214, 217], [217, 222]], "missing_branches": [[191, 192], [217, 218]]}, "AIQueryEngine._handle_find_vulnerabilities": {"executed_lines": [232, 243, 244, 245, 247, 250], "summary": {"covered_lines": 6, "num_statements": 10, "percent_covered": 62.5, "percent_covered_display": "62", "missing_lines": 4, "excluded_lines": 0, "num_branches": 6, "num_partial_branches": 2, "covered_branches": 4, "missing_branches": 2}, "missing_lines": [233, 234, 235, 248], "excluded_lines": [], "executed_branches": [[232, 243], [244, 245], [244, 247], [247, 250]], "missing_branches": [[232, 233], [247, 248]]}, "AIQueryEngine._handle_find_specific_cve": {"executed_lines": [260, 261, 270, 273, 275, 276, 277, 278, 280, 282], "summary": {"covered_lines": 10, "num_statements": 11, "percent_covered": 88.23529411764706, "percent_covered_display": "88", "missing_lines": 1, "excluded_lines": 0, "num_branches": 6, "num_partial_branches": 1, "covered_branches": 5, "missing_branches": 1}, "missing_lines": [262], "excluded_lines": [], "executed_branches": [[261, 270], [275, 276], [275, 280], [277, 278], [277, 282]], "missing_branches": [[261, 262]]}, "AIQueryEngine._handle_find_new_vulnerabilities": {"executed_lines": [], "summary": {"covered_lines": 0, "num_statements": 1, "percent_covered": 0.0, "percent_covered_display": "0", "missing_lines": 1, "excluded_lines": 0, "num_branches": 0, "num_partial_branches": 0, "covered_branches": 0, "missing_branches": 0}, "missing_lines": [292], "excluded_lines": [], "executed_branches": [], "missing_branches": []}, "AIQueryEngine._handle_find_cve_impact": {"executed_lines": [], "summary": {"covered_lines": 0, "num_statements": 14, "percent_covered": 0.0, "percent_covered_display": "0", "missing_lines": 14, "excluded_lines": 0, "num_branches": 6, "num_partial_branches": 0, "covered_branches": 0, "missing_branches": 6}, "missing_lines": [302, 303, 304, 312, 313, 315, 316, 317, 318, 319, 320, 323, 325, 327], "excluded_lines": [], "executed_branches": [], "missing_branches": [[303, 304], [303, 312], [315, 316], [315, 325], [319, 320], [319, 323]]}, "AIQueryEngine._handle_suggest_upgrade": {"executed_lines": [337, 339], "summary": {"covered_lines": 2, "num_statements": 2, "percent_covered": 100.0, "percent_covered_display": "100", "missing_lines": 0, "excluded_lines": 0, "num_branches": 0, "num_partial_branches": 0, "covered_branches": 0, "missing_branches": 0}, "missing_lines": [], "excluded_lines": [], "executed_branches": [], "missing_branches": []}, "AIQueryEngine._handle_find_upgrade_impact": {"executed_lines": [], "summary": {"covered_lines": 0, "num_statements": 1, "percent_covered": 0.0, "percent_covered_display": "0", "missing_lines": 1, "excluded_lines": 0, "num_branches": 0, "num_partial_branches": 0, "covered_branches": 0, "missing_branches": 0}, "missing_lines": [350], "excluded_lines": [], "executed_branches": [], "missing_branches": []}, "AIQueryEngine._handle_count_dependencies": {"executed_lines": [360, 363, 365, 366, 367, 368, 370], "summary": {"covered_lines": 7, "num_statements": 7, "percent_covered": 100.0, "percent_covered_display": "100", "missing_lines": 0, "excluded_lines": 0, "num_branches": 2, "num_partial_branches": 0, "covered_branches": 2, "missing_branches": 0}, "missing_lines": [], "excluded_lines": [], "executed_branches": [[366, 367], [366, 370]], "missing_branches": []}, "AIQueryEngine._handle_show_statistics": {"executed_lines": [380, 387, 388, 389, 392, 393, 394, 396, 397, 398, 399, 401], "summary": {"covered_lines": 12, "num_statements": 12, "percent_covered": 100.0, "percent_covered_display": "100", "missing_lines": 0, "excluded_lines": 0, "num_branches": 4, "num_partial_branches": 0, "covered_branches": 4, "missing_branches": 0}, "missing_lines": [], "excluded_lines": [], "executed_branches": [[387, 388], [387, 392], [398, 399], [398, 401]], "missing_branches": []}, "interactive_mode": {"executed_lines": [], "summary": {"covered_lines": 0, "num_statements": 27, "percent_covered": 0.0, "percent_covered_display": "0", "missing_lines": 27, "excluded_lines": 0, "num_branches": 8, "num_partial_branches": 0, "covered_branches": 0, "missing_branches": 8}, "missing_lines": [416, 417, 418, 419, 420, 421, 423, 424, 425, 427, 428, 430, 431, 432, 434, 436, 437, 439, 440, 441, 442, 444, 446, 447, 448, 449, 450], "excluded_lines": [], "executed_branches": [], "missing_branches": [[427, 428], [427, 430], [430, 431], [430, 434], [439, 440], [439, 444], [441, 442], [441, 444]]}, "main": {"executed_lines": [455, 476, 482, 487, 493, 495, 496, 498, 500, 502, 504, 511, 514, 515, 516, 518, 519, 520, 521, 526, 528, 529, 530], "summary": {"covered_lines": 23, "num_statements": 30, "percent_covered": 76.3157894736842, "percent_covered_display": "76", "missing_lines": 7, "excluded_lines": 0, "num_branches": 8, "num_partial_branches": 2, "covered_branches": 6, "missing_branches": 2}, "missing_lines": [524, 531, 532, 533, 534, 535, 536], "excluded_lines": [], "executed_branches": [[498, 500], [502, 504], [502, 514], [518, 519], [520, 521], [520, 526]], "missing_branches": [[498, 524], [518, 526]]}, "": {"executed_lines": [2, 9, 10, 11, 12, 13, 14, 15, 18, 19, 20, 22, 23, 24, 25, 26, 29, 30, 33, 58, 75, 103, 119, 157, 187, 230, 258, 290, 300, 335, 348, 358, 378, 410, 453, 539], "summary": {"covered_lines": 32, "num_statements": 32, "percent_covered": 100.0, "percent_covered_display": "100", "missing_lines": 0, "excluded_lines": 2, "num_branches": 0, "num_partial_branches": 0, "covered_branches": 0, "missing_branches": 0}, "missing_lines": [], "excluded_lines": [539, 540], "executed_branches": [], "missing_branches": []}}, "classes": {"QueryResult": {"executed_lines": [], "summary": {"covered_lines": 0, "num_statements": 0, "percent_covered": 100.0, "percent_covered_display": "100", "missing_lines": 0, "excluded_lines": 0, "num_branches": 0, "num_partial_branches": 0, "covered_branches": 0, "missing_branches": 0}, "missing_lines": [], "excluded_lines": [], "executed_branches": [], "missing_branches": []}, "AIQueryEngine": {"executed_lines": [68, 69, 70, 72, 73, 85, 86, 87, 89, 90, 91, 92, 93, 96, 97, 98, 101, 106, 107, 108, 109, 111, 112, 113, 131, 132, 134, 137, 138, 139, 140, 141, 144, 159, 161, 162, 163, 164, 165, 172, 173, 174, 175, 177, 179, 190, 191, 200, 202, 203, 204, 205, 206, 212, 213, 214, 215, 217, 220, 222, 232, 243, 244, 245, 247, 250, 260, 261, 270, 273, 275, 276, 277, 278, 280, 282, 337, 339, 360, 363, 365, 366, 367, 368, 370, 380, 387, 388, 389, 392, 393, 394, 396, 397, 398, 399, 401], "summary": {"covered_lines": 97, "num_statements": 120, "percent_covered": 80.64516129032258, "percent_covered_display": "81", "missing_lines": 23, "excluded_lines": 0, "num_branches": 66, "num_partial_branches": 7, "covered_branches": 53, "missing_branches": 13}, "missing_lines": [192, 218, 233, 234, 235, 248, 262, 292, 302, 303, 304, 312, 313, 315, 316, 317, 318, 319, 320, 323, 325, 327, 350], "excluded_lines": [], "executed_branches": [[72, -58], [72, 73], [86, 87], [86, 89], [97, 98], [97, 101], [106, -103], [106, 107], [107, 106], [107, 108], [108, 106], [108, 109], [109, 111], [112, 113], [131, 132], [131, 134], [137, 138], [137, 144], [139, 137], [139, 140], [162, 163], [162, 172], [164, 162], [164, 165], [172, 173], [172, 177], [174, 175], [174, 179], [191, 200], [203, 204], [203, 212], [205, 203], [205, 206], [212, 213], [212, 220], [214, 215], [214, 217], [217, 222], [232, 243], [244, 245], [244, 247], [247, 250], [261, 270], [275, 276], [275, 280], [277, 278], [277, 282], [366, 367], [366, 370], [387, 388], [387, 392], [398, 399], [398, 401]], "missing_branches": [[109, 108], [112, 108], [191, 192], [217, 218], [232, 233], [247, 248], [261, 262], [303, 304], [303, 312], [315, 316], [315, 325], [319, 320], [319, 323]]}, "": {"executed_lines": [2, 9, 10, 11, 12, 13, 14, 15, 18, 19, 20, 22, 23, 24, 25, 26, 29, 30, 33, 58, 75, 103, 119, 157, 187, 230, 258, 290, 300, 335, 348, 358, 378, 410, 453, 455, 476, 482, 487, 493, 495, 496, 498, 500, 502, 504, 511, 514, 515, 516, 518, 519, 520, 521, 526, 528, 529, 530, 539], "summary": {"covered_lines": 55, "num_statements": 89, "percent_covered": 58.095238095238095, "percent_covered_display": "58", "missing_lines": 34, "excluded_lines": 2, "num_branches": 16, "num_partial_branches": 2, "covered_branches": 6, "missing_branches": 10}, "missing_lines": [416, 417, 418, 419, 420, 421, 423, 424, 425, 427, 428, 430, 431, 432, 434, 436, 437, 439, 440, 441, 442, 444, 446, 447, 448, 449, 450, 524, 531, 532, 533, 534, 535, 536], "excluded_lines": [539, 540], "executed_branches": [[498, 500], [502, 504], [502, 514], [518, 519], [520, 521], [520, 526]], "missing_branches": [[427, 428], [427, 430], [430, 431], [430, 434], [439, 440], [439, 444], [441, 442], [441, 444], [498, 524], [518, 526]]}}}, "tools/supplychain/badge_generator.py": {"executed_lines": [2, 8, 9, 10, 11, 14, 30, 31, 33, 36, 37, 38, 39, 41, 42, 43, 44, 45, 46, 48, 49, 50, 51, 52, 53, 54, 55, 57, 60, 61, 62, 63, 64, 65, 66, 67, 68, 69, 70, 71, 73, 74, 76, 85, 86, 87, 89, 90, 92, 95, 108, 109, 112, 126, 127, 130, 143, 144, 147, 263], "summary": {"covered_lines": 58, "num_statements": 102, "percent_covered": 59.72222222222222, "percent_covered_display": "60", "missing_lines": 44, "excluded_lines": 4, "num_branches": 42, "num_partial_branches": 0, "covered_branches": 28, "missing_branches": 14}, "missing_lines": [149, 165, 172, 178, 185, 193, 199, 206, 209, 210, 214, 216, 217, 220, 221, 222, 223, 226, 227, 228, 229, 230, 231, 234, 235, 236, 237, 239, 242, 243, 245, 246, 248, 249, 251, 252, 253, 254, 255, 256, 257, 258, 259, 260], "excluded_lines": [212, 247, 263, 264], "executed_branches": [[30, 31], [30, 33], [41, 42], [41, 57], [43, 44], [43, 48], [44, 43], [44, 45], [48, 49], [48, 50], [50, 51], [50, 52], [52, 53], [52, 54], [54, 41], [54, 55], [60, 61], [60, 63], [63, 64], [63, 66], [66, 67], [66, 69], [69, 70], [69, 73], [85, 86], [85, 92], [89, 90], [89, 92]], "missing_branches": [[209, 210], [209, 214], [221, 222], [221, 226], [226, 227], [226, 228], [228, 229], [228, 230], [230, 231], [230, 234], [236, 237], [236, 239], [242, -147], [242, 243]], "functions": {"calculate_badge_data": {"executed_lines": [30, 31, 33, 36, 37, 38, 39, 41, 42, 43, 44, 45, 46, 48, 49, 50, 51, 52, 53, 54, 55, 57, 60, 61, 62, 63, 64, 65, 66, 67, 68, 69, 70, 71, 73, 74, 76, 85, 86, 87, 89, 90, 92], "summary": {"covered_lines": 43, "num_statements": 43, "percent_covered": 100.0, "percent_covered_display": "100", "missing_lines": 0, "excluded_lines": 0, "num_branches": 28, "num_partial_branches": 0, "covered_branches": 28, "missing_branches": 0}, "missing_lines": [], "excluded_lines": [], "executed_branches": [[30, 31], [30, 33], [41, 42], [41, 57], [43, 44], [43, 48], [44, 43], [44, 45], [48, 49], [48, 50], [50, 51], [50, 52], [52, 53], [52, 54], [54, 41], [54, 55], [60, 61], [60, 63], [63, 64], [63, 66], [66, 67], [66, 69], [69, 70], [69, 73], [85, 86], [85, 92], [89, 90], [89, 92]], "missing_branches": []}, "generate_shields_json": {"executed_lines": [108, 109], "summary": {"covered_lines": 2, "num_statements": 2, "percent_covered": 100.0, "percent_covered_display": "100", "missing_lines": 0, "excluded_lines": 0, "num_branches": 0, "num_partial_branches": 0, "covered_branches": 0, "missing_branches": 0}, "missing_lines": [], "excluded_lines": [], "executed_branches": [], "missing_branches": []}, "generate_markdown_badge": {"executed_lines": [126, 127], "summary": {"covered_lines": 2, "num_statements": 2, "percent_covered": 100.0, "percent_covered_display": "100", "missing_lines": 0, "excluded_lines": 0, "num_branches": 0, "num_partial_branches": 0, "covered_branches": 0, "missing_branches": 0}, "missing_lines": [], "excluded_lines": [], "executed_branches": [], "missing_branches": []}, "generate_html_badge": {"executed_lines": [143, 144], "summary": {"covered_lines": 2, "num_statements": 2, "percent_covered": 100.0, "percent_covered_display": "100", "missing_lines": 0, "excluded_lines": 0, "num_branches": 0, "num_partial_branches": 0, "covered_branches": 0, "missing_branches": 0}, "missing_lines": [], "excluded_lines": [], "executed_branches": [], "missing_branches": []}, "main": {"executed_lines": [], "summary": {"covered_lines": 0, "num_statements": 44, "percent_covered": 0.0, "percent_covered_display": "0", "missing_lines": 44, "excluded_lines": 2, "num_branches": 14, "num_partial_branches": 0, "covered_branches": 0, "missing_branches": 14}, "missing_lines": [149, 165, 172, 178, 185, 193, 199, 206, 209, 210, 214, 216, 217, 220, 221, 222, 223, 226, 227, 228, 229, 230, 231, 234, 235, 236, 237, 239, 242, 243, 245, 246, 248, 249, 251, 252, 253, 254, 255, 256, 257, 258, 259, 260], "excluded_lines": [212, 247], "executed_branches": [], "missing_branches": [[209, 210], [209, 214], [221, 222], [221, 226], [226, 227], [226, 228], [228, 229], [228, 230], [230, 231], [230, 234], [236, 237], [236, 239], [242, -147], [242, 243]]}, "": {"executed_lines": [2, 8, 9, 10, 11, 14, 95, 112, 130, 147, 263], "summary": {"covered_lines": 9, "num_statements": 9, "percent_covered": 100.0, "percent_covered_display": "100", "missing_lines": 0, "excluded_lines": 2, "num_branches": 0, "num_partial_branches": 0, "covered_branches": 0, "missing_branches": 0}, "missing_lines": [], "excluded_lines": [263, 264], "executed_branches": [], "missing_branches": []}}, "classes": {"": {"executed_lines": [2, 8, 9, 10, 11, 14, 30, 31, 33, 36, 37, 38, 39, 41, 42, 43, 44, 45, 46, 48, 49, 50, 51, 52, 53, 54, 55, 57, 60, 61, 62, 63, 64, 65, 66, 67, 68, 69, 70, 71, 73, 74, 76, 85, 86, 87, 89, 90, 92, 95, 108, 109, 112, 126, 127, 130, 143, 144, 147, 263], "summary": {"covered_lines": 58, "num_statements": 102, "percent_covered": 59.72222222222222, "percent_covered_display": "60", "missing_lines": 44, "excluded_lines": 4, "num_branches": 42, "num_partial_branches": 0, "covered_branches": 28, "missing_branches": 14}, "missing_lines": [149, 165, 172, 178, 185, 193, 199, 206, 209, 210, 214, 216, 217, 220, 221, 222, 223, 226, 227, 228, 229, 230, 231, 234, 235, 236, 237, 239, 242, 243, 245, 246, 248, 249, 251, 252, 253, 254, 255, 256, 257, 258, 259, 260], "excluded_lines": [212, 247, 263, 264], "executed_branches": [[30, 31], [30, 33], [41, 42], [41, 57], [43, 44], [43, 48], [44, 43], [44, 45], [48, 49], [48, 50], [50, 51], [50, 52], [52, 53], [52, 54], [54, 41], [54, 55], [60, 61], [60, 63], [63, 64], [63, 66], [66, 67], [66, 69], [69, 70], [69, 73], [85, 86], [85, 92], [89, 90], [89, 92]], "missing_branches": [[209, 210], [209, 214], [221, 222], [221, 226], [226, 227], [226, 228], [228, 229], [228, 230], [230, 231], [230, 234], [236, 237], [236, 239], [242, -147], [242, 243]]}}}, "tools/supplychain/bazbom_cli.py": {"executed_lines": [], "summary": {"covered_lines": 0, "num_statements": 147, "percent_covered": 0.0, "percent_covered_display": "0", "missing_lines": 147, "excluded_lines": 8, "num_branches": 44, "num_partial_branches": 0, "covered_branches": 0, "missing_branches": 44}, "missing_lines": [8, 9, 10, 11, 12, 13, 16, 17, 18, 27, 30, 42, 44, 45, 46, 48, 50, 53, 54, 55, 56, 57, 58, 61, 62, 63, 68, 71, 78, 79, 80, 82, 88, 90, 91, 92, 95, 105, 108, 109, 110, 111, 112, 114, 115, 119, 120, 122, 123, 124, 125, 126, 127, 130, 131, 132, 133, 134, 135, 137, 140, 149, 152, 154, 157, 158, 159, 162, 163, 164, 165, 167, 170, 171, 172, 173, 176, 178, 179, 180, 183, 186, 187, 188, 189, 192, 193, 194, 196, 197, 198, 199, 200, 201, 202, 203, 206, 209, 211, 212, 213, 216, 219, 228, 230, 231, 233, 234, 236, 237, 238, 239, 240, 241, 242, 243, 244, 245, 246, 247, 248, 251, 260, 261, 262, 265, 267, 290, 296, 299, 303, 309, 314, 320, 326, 333, 337, 343, 350, 355, 358, 359, 360, 361, 362, 363, 365], "excluded_lines": [19, 21, 22, 23, 24, 366, 369, 370], "executed_branches": [], "missing_branches": [[44, 45], [44, 50], [53, 54], [53, 61], [109, 110], [109, 111], [111, 112], [111, 114], [114, 115], [114, 119], [119, 120], [119, 137], [120, 122], [120, 130], [122, 119], [122, 123], [123, 122], [123, 124], [131, 119], [131, 132], [157, 158], [157, 216], [163, 164], [163, 167], [187, 188], [187, 192], [188, 187], [188, 189], [192, 193], [192, 196], [193, 192], [193, 194], [196, 179], [196, 197], [201, 202], [201, 203], [230, 231], [230, 236], [358, 359], [358, 360], [360, 361], [360, 362], [362, 363], [362, 365]], "functions": {"perform_scan": {"executed_lines": [], "summary": {"covered_lines": 0, "num_statements": 25, "percent_covered": 0.0, "percent_covered_display": "0", "missing_lines": 25, "excluded_lines": 0, "num_branches": 4, "num_partial_branches": 0, "covered_branches": 0, "missing_branches": 4}, "missing_lines": [42, 44, 45, 46, 48, 50, 53, 54, 55, 56, 57, 58, 61, 62, 63, 68, 71, 78, 79, 80, 82, 88, 90, 91, 92], "excluded_lines": [], "executed_branches": [], "missing_branches": [[44, 45], [44, 50], [53, 54], [53, 61]]}, "get_build_files_mtimes": {"executed_lines": [], "summary": {"covered_lines": 0, "num_statements": 23, "percent_covered": 0.0, "percent_covered_display": "0", "missing_lines": 23, "excluded_lines": 0, "num_branches": 16, "num_partial_branches": 0, "covered_branches": 0, "missing_branches": 16}, "missing_lines": [105, 108, 109, 110, 111, 112, 114, 115, 119, 120, 122, 123, 124, 125, 126, 127, 130, 131, 132, 133, 134, 135, 137], "excluded_lines": [], "executed_branches": [], "missing_branches": [[109, 110], [109, 111], [111, 112], [111, 114], [114, 115], [114, 119], [119, 120], [119, 137], [120, 122], [120, 130], [122, 119], [122, 123], [123, 122], [123, 124], [131, 119], [131, 132]]}, "scan_command": {"executed_lines": [], "summary": {"covered_lines": 0, "num_statements": 41, "percent_covered": 0.0, "percent_covered_display": "0", "missing_lines": 41, "excluded_lines": 0, "num_branches": 16, "num_partial_branches": 0, "covered_branches": 0, "missing_branches": 16}, "missing_lines": [149, 152, 154, 157, 158, 159, 162, 163, 164, 165, 167, 170, 171, 172, 173, 176, 178, 179, 180, 183, 186, 187, 188, 189, 192, 193, 194, 196, 197, 198, 199, 200, 201, 202, 203, 206, 209, 211, 212, 213, 216], "excluded_lines": [], "executed_branches": [], "missing_branches": [[157, 158], [157, 216], [163, 164], [163, 167], [187, 188], [187, 192], [188, 187], [188, 189], [192, 193], [192, 196], [193, 192], [193, 194], [196, 179], [196, 197], [201, 202], [201, 203]]}, "init_command": {"executed_lines": [], "summary": {"covered_lines": 0, "num_statements": 18, "percent_covered": 0.0, "percent_covered_display": "0", "missing_lines": 18, "excluded_lines": 0, "num_branches": 2, "num_partial_branches": 0, "covered_branches": 0, "missing_branches": 2}, "missing_lines": [228, 230, 231, 233, 234, 236, 237, 238, 239, 240, 241, 242, 243, 244, 245, 246, 247, 248], "excluded_lines": [], "executed_branches": [], "missing_branches": [[230, 231], [230, 236]]}, "version_command": {"executed_lines": [], "summary": {"covered_lines": 0, "num_statements": 3, "percent_covered": 0.0, "percent_covered_display": "0", "missing_lines": 3, "excluded_lines": 0, "num_branches": 0, "num_partial_branches": 0, "covered_branches": 0, "missing_branches": 0}, "missing_lines": [260, 261, 262], "excluded_lines": [], "executed_branches": [], "missing_branches": []}, "main": {"executed_lines": [], "summary": {"covered_lines": 0, "num_statements": 21, "percent_covered": 0.0, "percent_covered_display": "0", "missing_lines": 21, "excluded_lines": 1, "num_branches": 6, "num_partial_branches": 0, "covered_branches": 0, "missing_branches": 6}, "missing_lines": [267, 290, 296, 299, 303, 309, 314, 320, 326, 333, 337, 343, 350, 355, 358, 359, 360, 361, 362, 363, 365], "excluded_lines": [366], "executed_branches": [], "missing_branches": [[358, 359], [358, 360], [360, 361], [360, 362], [362, 363], [362, 365]]}, "": {"executed_lines": [], "summary": {"covered_lines": 0, "num_statements": 16, "percent_covered": 0.0, "percent_covered_display": "0", "missing_lines": 16, "excluded_lines": 7, "num_branches": 0, "num_partial_branches": 0, "covered_branches": 0, "missing_branches": 0}, "missing_lines": [8, 9, 10, 11, 12, 13, 16, 17, 18, 27, 30, 95, 140, 219, 251, 265], "excluded_lines": [19, 21, 22, 23, 24, 369, 370], "executed_branches": [], "missing_branches": []}}, "classes": {"": {"executed_lines": [], "summary": {"covered_lines": 0, "num_statements": 147, "percent_covered": 0.0, "percent_covered_display": "0", "missing_lines": 147, "excluded_lines": 8, "num_branches": 44, "num_partial_branches": 0, "covered_branches": 0, "missing_branches": 44}, "missing_lines": [8, 9, 10, 11, 12, 13, 16, 17, 18, 27, 30, 42, 44, 45, 46, 48, 50, 53, 54, 55, 56, 57, 58, 61, 62, 63, 68, 71, 78, 79, 80, 82, 88, 90, 91, 92, 95, 105, 108, 109, 110, 111, 112, 114, 115, 119, 120, 122, 123, 124, 125, 126, 127, 130, 131, 132, 133, 134, 135, 137, 140, 149, 152, 154, 157, 158, 159, 162, 163, 164, 165, 167, 170, 171, 172, 173, 176, 178, 179, 180, 183, 186, 187, 188, 189, 192, 193, 194, 196, 197, 198, 199, 200, 201, 202, 203, 206, 209, 211, 212, 213, 216, 219, 228, 230, 231, 233, 234, 236, 237, 238, 239, 240, 241, 242, 243, 244, 245, 246, 247, 248, 251, 260, 261, 262, 265, 267, 290, 296, 299, 303, 309, 314, 320, 326, 333, 337, 343, 350, 355, 358, 359, 360, 361, 362, 363, 365], "excluded_lines": [19, 21, 22, 23, 24, 366, 369, 370], "executed_branches": [], "missing_branches": [[44, 45], [44, 50], [53, 54], [53, 61], [109, 110], [109, 111], [111, 112], [111, 114], [114, 115], [114, 119], [119, 120], [119, 137], [120, 122], [120, 130], [122, 119], [122, 123], [123, 122], [123, 124], [131, 119], [131, 132], [157, 158], [157, 216], [163, 164], [163, 167], [187, 188], [187, 192], [188, 187], [188, 189], [192, 193], [192, 196], [193, 192], [193, 194], [196, 179], [196, 197], [201, 202], [201, 203], [230, 231], [230, 236], [358, 359], [358, 360], [360, 361], [360, 362], [362, 363], [362, 365]]}}}, "tools/supplychain/bazbom_config.py": {"executed_lines": [2, 8, 9, 10, 11, 13, 14, 20, 21, 23, 45, 51, 53, 62, 65, 66, 67, 69, 71, 73, 74, 87, 88, 90, 91, 92, 94, 95, 97, 99, 100, 102, 103, 112, 116, 117, 118, 119, 120, 121, 122, 123, 125, 128, 129, 131, 132, 135, 137, 147, 148, 150, 151, 152, 154, 156, 158, 160, 162, 164, 166, 168, 170, 172, 174, 176, 178, 180, 182, 184, 186, 188, 190, 196, 198, 207, 208, 209, 210, 211, 214, 224, 225, 227, 228, 229, 232, 303], "summary": {"covered_lines": 85, "num_statements": 114, "percent_covered": 74.28571428571429, "percent_covered_display": "74", "missing_lines": 29, "excluded_lines": 7, "num_branches": 26, "num_partial_branches": 1, "covered_branches": 19, "missing_branches": 7}, "missing_lines": [113, 234, 236, 252, 258, 264, 271, 273, 274, 275, 276, 277, 279, 280, 281, 283, 284, 285, 286, 288, 289, 290, 291, 292, 293, 294, 295, 296, 300], "excluded_lines": [15, 16, 17, 278, 297, 303, 304], "executed_branches": [[65, 66], [65, 71], [66, 67], [66, 69], [87, 88], [87, 90], [94, 95], [94, 97], [112, 116], [119, 120], [119, 128], [129, 131], [129, 132], [150, 151], [150, 156], [151, 152], [151, 154], [224, 225], [224, 227]], "missing_branches": [[112, 113], [273, 274], [273, 283], [283, 284], [283, 288], [288, 289], [288, 300]], "functions": {"BazBOMConfig.__init__": {"executed_lines": [51], "summary": {"covered_lines": 1, "num_statements": 1, "percent_covered": 100.0, "percent_covered_display": "100", "missing_lines": 0, "excluded_lines": 0, "num_branches": 0, "num_partial_branches": 0, "covered_branches": 0, "missing_branches": 0}, "missing_lines": [], "excluded_lines": [], "executed_branches": [], "missing_branches": []}, "BazBOMConfig._merge_with_defaults": {"executed_lines": [62, 65, 66, 67, 69, 71], "summary": {"covered_lines": 6, "num_statements": 6, "percent_covered": 100.0, "percent_covered_display": "100", "missing_lines": 0, "excluded_lines": 0, "num_branches": 4, "num_partial_branches": 0, "covered_branches": 4, "missing_branches": 0}, "missing_lines": [], "excluded_lines": [], "executed_branches": [[65, 66], [65, 71], [66, 67], [66, 69]], "missing_branches": []}, "BazBOMConfig.from_file": {"executed_lines": [87, 88, 90, 91, 92, 94, 95, 97, 99, 100], "summary": {"covered_lines": 10, "num_statements": 10, "percent_covered": 100.0, "percent_covered_display": "100", "missing_lines": 0, "excluded_lines": 0, "num_branches": 4, "num_partial_branches": 0, "covered_branches": 4, "missing_branches": 0}, "missing_lines": [], "excluded_lines": [], "executed_branches": [[87, 88], [87, 90], [94, 95], [94, 97]], "missing_branches": []}, "BazBOMConfig.find_and_load": {"executed_lines": [112, 116, 117, 118, 119, 120, 121, 122, 123, 125, 128, 129, 131, 132, 135], "summary": {"covered_lines": 15, "num_statements": 16, "percent_covered": 90.9090909090909, "percent_covered_display": "91", "missing_lines": 1, "excluded_lines": 0, "num_branches": 6, "num_partial_branches": 1, "covered_branches": 5, "missing_branches": 1}, "missing_lines": [113], "excluded_lines": [], "executed_branches": [[112, 116], [119, 120], [119, 128], [129, 131], [129, 132]], "missing_branches": [[112, 113]]}, "BazBOMConfig.get": {"executed_lines": [147, 148, 150, 151, 152, 154, 156], "summary": {"covered_lines": 7, "num_statements": 7, "percent_covered": 100.0, "percent_covered_display": "100", "missing_lines": 0, "excluded_lines": 0, "num_branches": 4, "num_partial_branches": 0, "covered_branches": 4, "missing_branches": 0}, "missing_lines": [], "excluded_lines": [], "executed_branches": [[150, 151], [150, 156], [151, 152], [151, 154]], "missing_branches": []}, "BazBOMConfig.get_build_system": {"executed_lines": [160], "summary": {"covered_lines": 1, "num_statements": 1, "percent_covered": 100.0, "percent_covered_display": "100", "missing_lines": 0, "excluded_lines": 0, "num_branches": 0, "num_partial_branches": 0, "covered_branches": 0, "missing_branches": 0}, "missing_lines": [], "excluded_lines": [], "executed_branches": [], "missing_branches": []}, "BazBOMConfig.get_include_test_deps": {"executed_lines": [164], "summary": {"covered_lines": 1, "num_statements": 1, "percent_covered": 100.0, "percent_covered_display": "100", "missing_lines": 0, "excluded_lines": 0, "num_branches": 0, "num_partial_branches": 0, "covered_branches": 0, "missing_branches": 0}, "missing_lines": [], "excluded_lines": [], "executed_branches": [], "missing_branches": []}, "BazBOMConfig.get_output_formats": {"executed_lines": [168], "summary": {"covered_lines": 1, "num_statements": 1, "percent_covered": 100.0, "percent_covered_display": "100", "missing_lines": 0, "excluded_lines": 0, "num_branches": 0, "num_partial_branches": 0, "covered_branches": 0, "missing_branches": 0}, "missing_lines": [], "excluded_lines": [], "executed_branches": [], "missing_branches": []}, "BazBOMConfig.get_severity_threshold": {"executed_lines": [172], "summary": {"covered_lines": 1, "num_statements": 1, "percent_covered": 100.0, "percent_covered_display": "100", "missing_lines": 0, "excluded_lines": 0, "num_branches": 0, "num_partial_branches": 0, "covered_branches": 0, "missing_branches": 0}, "missing_lines": [], "excluded_lines": [], "executed_branches": [], "missing_branches": []}, "BazBOMConfig.should_block_critical": {"executed_lines": [176], "summary": {"covered_lines": 1, "num_statements": 1, "percent_covered": 100.0, "percent_covered_display": "100", "missing_lines": 0, "excluded_lines": 0, "num_branches": 0, "num_partial_branches": 0, "covered_branches": 0, "missing_branches": 0}, "missing_lines": [], "excluded_lines": [], "executed_branches": [], "missing_branches": []}, "BazBOMConfig.should_fail_on_policy_violation": {"executed_lines": [180], "summary": {"covered_lines": 1, "num_statements": 1, "percent_covered": 100.0, "percent_covered_display": "100", "missing_lines": 0, "excluded_lines": 0, "num_branches": 0, "num_partial_branches": 0, "covered_branches": 0, "missing_branches": 0}, "missing_lines": [], "excluded_lines": [], "executed_branches": [], "missing_branches": []}, "BazBOMConfig.get_max_critical_vulns": {"executed_lines": [184], "summary": {"covered_lines": 1, "num_statements": 1, "percent_covered": 100.0, "percent_covered_display": "100", "missing_lines": 0, "excluded_lines": 0, "num_branches": 0, "num_partial_branches": 0, "covered_branches": 0, "missing_branches": 0}, "missing_lines": [], "excluded_lines": [], "executed_branches": [], "missing_branches": []}, "BazBOMConfig.get_max_high_vulns": {"executed_lines": [188], "summary": {"covered_lines": 1, "num_statements": 1, "percent_covered": 100.0, "percent_covered_display": "100", "missing_lines": 0, "excluded_lines": 0, "num_branches": 0, "num_partial_branches": 0, "covered_branches": 0, "missing_branches": 0}, "missing_lines": [], "excluded_lines": [], "executed_branches": [], "missing_branches": []}, "BazBOMConfig.to_dict": {"executed_lines": [196], "summary": {"covered_lines": 1, "num_statements": 1, "percent_covered": 100.0, "percent_covered_display": "100", "missing_lines": 0, "excluded_lines": 0, "num_branches": 0, "num_partial_branches": 0, "covered_branches": 0, "missing_branches": 0}, "missing_lines": [], "excluded_lines": [], "executed_branches": [], "missing_branches": []}, "BazBOMConfig.save": {"executed_lines": [207, 208, 209, 210, 211], "summary": {"covered_lines": 5, "num_statements": 5, "percent_covered": 100.0, "percent_covered_display": "100", "missing_lines": 0, "excluded_lines": 0, "num_branches": 0, "num_partial_branches": 0, "covered_branches": 0, "missing_branches": 0}, "missing_lines": [], "excluded_lines": [], "executed_branches": [], "missing_branches": []}, "create_default_config": {"executed_lines": [224, 225, 227, 228, 229], "summary": {"covered_lines": 5, "num_statements": 5, "percent_covered": 100.0, "percent_covered_display": "100", "missing_lines": 0, "excluded_lines": 0, "num_branches": 2, "num_partial_branches": 0, "covered_branches": 2, "missing_branches": 0}, "missing_lines": [], "excluded_lines": [], "executed_branches": [[224, 225], [224, 227]], "missing_branches": []}, "main": {"executed_lines": [], "summary": {"covered_lines": 0, "num_statements": 28, "percent_covered": 0.0, "percent_covered_display": "0", "missing_lines": 28, "excluded_lines": 2, "num_branches": 6, "num_partial_branches": 0, "covered_branches": 0, "missing_branches": 6}, "missing_lines": [234, 236, 252, 258, 264, 271, 273, 274, 275, 276, 277, 279, 280, 281, 283, 284, 285, 286, 288, 289, 290, 291, 292, 293, 294, 295, 296, 300], "excluded_lines": [278, 297], "executed_branches": [], "missing_branches": [[273, 274], [273, 283], [283, 284], [283, 288], [288, 289], [288, 300]]}, "": {"executed_lines": [2, 8, 9, 10, 11, 13, 14, 20, 21, 23, 45, 53, 73, 74, 102, 103, 137, 158, 162, 166, 170, 174, 178, 182, 186, 190, 198, 214, 232, 303], "summary": {"covered_lines": 27, "num_statements": 27, "percent_covered": 100.0, "percent_covered_display": "100", "missing_lines": 0, "excluded_lines": 5, "num_branches": 0, "num_partial_branches": 0, "covered_branches": 0, "missing_branches": 0}, "missing_lines": [], "excluded_lines": [15, 16, 17, 303, 304], "executed_branches": [], "missing_branches": []}}, "classes": {"BazBOMConfig": {"executed_lines": [51, 62, 65, 66, 67, 69, 71, 87, 88, 90, 91, 92, 94, 95, 97, 99, 100, 112, 116, 117, 118, 119, 120, 121, 122, 123, 125, 128, 129, 131, 132, 135, 147, 148, 150, 151, 152, 154, 156, 160, 164, 168, 172, 176, 180, 184, 188, 196, 207, 208, 209, 210, 211], "summary": {"covered_lines": 53, "num_statements": 54, "percent_covered": 97.22222222222223, "percent_covered_display": "97", "missing_lines": 1, "excluded_lines": 0, "num_branches": 18, "num_partial_branches": 1, "covered_branches": 17, "missing_branches": 1}, "missing_lines": [113], "excluded_lines": [], "executed_branches": [[65, 66], [65, 71], [66, 67], [66, 69], [87, 88], [87, 90], [94, 95], [94, 97], [112, 116], [119, 120], [119, 128], [129, 131], [129, 132], [150, 151], [150, 156], [151, 152], [151, 154]], "missing_branches": [[112, 113]]}, "": {"executed_lines": [2, 8, 9, 10, 11, 13, 14, 20, 21, 23, 45, 53, 73, 74, 102, 103, 137, 158, 162, 166, 170, 174, 178, 182, 186, 190, 198, 214, 224, 225, 227, 228, 229, 232, 303], "summary": {"covered_lines": 32, "num_statements": 60, "percent_covered": 50.0, "percent_covered_display": "50", "missing_lines": 28, "excluded_lines": 7, "num_branches": 8, "num_partial_branches": 0, "covered_branches": 2, "missing_branches": 6}, "missing_lines": [234, 236, 252, 258, 264, 271, 273, 274, 275, 276, 277, 279, 280, 281, 283, 284, 285, 286, 288, 289, 290, 291, 292, 293, 294, 295, 296, 300], "excluded_lines": [15, 16, 17, 278, 297, 303, 304], "executed_branches": [[224, 225], [224, 227]], "missing_branches": [[273, 274], [273, 283], [283, 284], [283, 288], [288, 289], [288, 300]]}}}, "tools/supplychain/build_system.py": {"executed_lines": [2, 9, 10, 11, 12, 13, 14, 17, 18, 20, 39, 40, 41, 42, 43, 44, 46, 48, 49, 50, 52, 54, 63, 65, 67, 69, 70, 71, 73, 75, 78, 79, 81, 82, 93, 94, 113, 114, 123, 124, 126, 128, 130, 132, 134, 151, 152, 155, 156, 161, 163, 171, 172, 174, 182, 183, 188, 189, 191, 192, 195, 196, 198, 200, 201, 206, 207, 208, 210, 219, 221, 222, 225, 226, 229, 230, 231, 233, 234, 237, 240, 247, 249, 252, 253, 255, 257, 262, 264, 266, 283, 284, 287, 288, 289, 290, 291, 293, 298, 300, 301, 302, 305, 307, 308, 310, 319, 320, 321, 323, 332, 334, 335, 340, 341, 342, 344, 353, 355, 356, 360, 362, 365, 366, 369, 372, 373, 374, 375, 376, 378, 385, 387, 390, 391, 393, 395, 401, 403, 405, 425, 426, 430, 434, 437, 447, 453, 454, 455, 457, 460, 517], "summary": {"covered_lines": 143, "num_statements": 173, "percent_covered": 82.37885462555066, "percent_covered_display": "82", "missing_lines": 30, "excluded_lines": 9, "num_branches": 54, "num_partial_branches": 2, "covered_branches": 44, "missing_branches": 10}, "missing_lines": [91, 111, 120, 238, 325, 326, 329, 330, 462, 464, 467, 472, 478, 480, 482, 483, 486, 487, 491, 493, 494, 495, 499, 502, 503, 508, 509, 510, 512, 513], "excluded_lines": [63, 64, 65, 484, 488, 497, 514, 517, 518], "executed_branches": [[48, 49], [48, 50], [69, 70], [69, 71], [151, 152], [151, 155], [155, 156], [155, 161], [171, 172], [171, 174], [182, 183], [182, 188], [221, 222], [221, 249], [225, 221], [225, 226], [229, 221], [229, 230], [237, 240], [283, 284], [283, 287], [288, 289], [288, 290], [290, 291], [290, 293], [301, 302], [301, 305], [307, 308], [307, 323], [319, 320], [355, 356], [355, 387], [360, 355], [360, 362], [365, 366], [365, 369], [373, 355], [373, 374], [425, 426], [425, 430], [453, 454], [453, 457], [454, 453], [454, 455]], "missing_branches": [[237, 238], [319, 307], [482, 483], [482, 486], [486, 487], [486, 491], [493, 494], [493, 499], [509, -460], [509, 510]], "functions": {"Dependency.__init__": {"executed_lines": [39, 40, 41, 42, 43, 44], "summary": {"covered_lines": 6, "num_statements": 6, "percent_covered": 100.0, "percent_covered_display": "100", "missing_lines": 0, "excluded_lines": 0, "num_branches": 0, "num_partial_branches": 0, "covered_branches": 0, "missing_branches": 0}, "missing_lines": [], "excluded_lines": [], "executed_branches": [], "missing_branches": []}, "Dependency._generate_purl": {"executed_lines": [48, 49, 50], "summary": {"covered_lines": 3, "num_statements": 3, "percent_covered": 100.0, "percent_covered_display": "100", "missing_lines": 0, "excluded_lines": 0, "num_branches": 2, "num_partial_branches": 0, "covered_branches": 2, "missing_branches": 0}, "missing_lines": [], "excluded_lines": [], "executed_branches": [[48, 49], [48, 50]], "missing_branches": []}, "Dependency.to_dict": {"executed_lines": [54], "summary": {"covered_lines": 1, "num_statements": 1, "percent_covered": 100.0, "percent_covered_display": "100", "missing_lines": 0, "excluded_lines": 0, "num_branches": 0, "num_partial_branches": 0, "covered_branches": 0, "missing_branches": 0}, "missing_lines": [], "excluded_lines": [], "executed_branches": [], "missing_branches": []}, "Dependency.__repr__": {"executed_lines": [65], "summary": {"covered_lines": 0, "num_statements": 0, "percent_covered": 100.0, "percent_covered_display": "100", "missing_lines": 0, "excluded_lines": 2, "num_branches": 0, "num_partial_branches": 0, "covered_branches": 0, "missing_branches": 0}, "missing_lines": [], "excluded_lines": [64, 65], "executed_branches": [], "missing_branches": []}, "Dependency.__eq__": {"executed_lines": [69, 70, 71], "summary": {"covered_lines": 3, "num_statements": 3, "percent_covered": 100.0, "percent_covered_display": "100", "missing_lines": 0, "excluded_lines": 0, "num_branches": 2, "num_partial_branches": 0, "covered_branches": 2, "missing_branches": 0}, "missing_lines": [], "excluded_lines": [], "executed_branches": [[69, 70], [69, 71]], "missing_branches": []}, "Dependency.__hash__": {"executed_lines": [75], "summary": {"covered_lines": 1, "num_statements": 1, "percent_covered": 100.0, "percent_covered_display": "100", "missing_lines": 0, "excluded_lines": 0, "num_branches": 0, "num_partial_branches": 0, "covered_branches": 0, "missing_branches": 0}, "missing_lines": [], "excluded_lines": [], "executed_branches": [], "missing_branches": []}, "BuildSystem.detect": {"executed_lines": [], "summary": {"covered_lines": 0, "num_statements": 1, "percent_covered": 0.0, "percent_covered_display": "0", "missing_lines": 1, "excluded_lines": 0, "num_branches": 0, "num_partial_branches": 0, "covered_branches": 0, "missing_branches": 0}, "missing_lines": [91], "excluded_lines": [], "executed_branches": [], "missing_branches": []}, "BuildSystem.resolve_dependencies": {"executed_lines": [], "summary": {"covered_lines": 0, "num_statements": 1, "percent_covered": 0.0, "percent_covered_display": "0", "missing_lines": 1, "excluded_lines": 0, "num_branches": 0, "num_partial_branches": 0, "covered_branches": 0, "missing_branches": 0}, "missing_lines": [111], "excluded_lines": [], "executed_branches": [], "missing_branches": []}, "BuildSystem.get_name": {"executed_lines": [], "summary": {"covered_lines": 0, "num_statements": 1, "percent_covered": 0.0, "percent_covered_display": "0", "missing_lines": 1, "excluded_lines": 0, "num_branches": 0, "num_partial_branches": 0, "covered_branches": 0, "missing_branches": 0}, "missing_lines": [120], "excluded_lines": [], "executed_branches": [], "missing_branches": []}, "MavenBuildSystem.detect": {"executed_lines": [128], "summary": {"covered_lines": 1, "num_statements": 1, "percent_covered": 100.0, "percent_covered_display": "100", "missing_lines": 0, "excluded_lines": 0, "num_branches": 0, "num_partial_branches": 0, "covered_branches": 0, "missing_branches": 0}, "missing_lines": [], "excluded_lines": [], "executed_branches": [], "missing_branches": []}, "MavenBuildSystem.get_name": {"executed_lines": [132], "summary": {"covered_lines": 1, "num_statements": 1, "percent_covered": 100.0, "percent_covered_display": "100", "missing_lines": 0, "excluded_lines": 0, "num_branches": 0, "num_partial_branches": 0, "covered_branches": 0, "missing_branches": 0}, "missing_lines": [], "excluded_lines": [], "executed_branches": [], "missing_branches": []}, "MavenBuildSystem.resolve_dependencies": {"executed_lines": [151, 152, 155, 156, 161, 163, 171, 172, 174, 182, 183, 188, 189, 191, 192, 195, 196], "summary": {"covered_lines": 17, "num_statements": 17, "percent_covered": 100.0, "percent_covered_display": "100", "missing_lines": 0, "excluded_lines": 0, "num_branches": 8, "num_partial_branches": 0, "covered_branches": 8, "missing_branches": 0}, "missing_lines": [], "excluded_lines": [], "executed_branches": [[151, 152], [151, 155], [155, 156], [155, 161], [171, 172], [171, 174], [182, 183], [182, 188]], "missing_branches": []}, "MavenBuildSystem._check_maven_available": {"executed_lines": [200, 201, 206, 207, 208], "summary": {"covered_lines": 5, "num_statements": 5, "percent_covered": 100.0, "percent_covered_display": "100", "missing_lines": 0, "excluded_lines": 0, "num_branches": 0, "num_partial_branches": 0, "covered_branches": 0, "missing_branches": 0}, "missing_lines": [], "excluded_lines": [], "executed_branches": [], "missing_branches": []}, "MavenBuildSystem._parse_maven_output": {"executed_lines": [219, 221, 222, 225, 226, 229, 230, 231, 233, 234, 237, 240, 247, 249], "summary": {"covered_lines": 14, "num_statements": 15, "percent_covered": 91.30434782608695, "percent_covered_display": "91", "missing_lines": 1, "excluded_lines": 0, "num_branches": 8, "num_partial_branches": 1, "covered_branches": 7, "missing_branches": 1}, "missing_lines": [238], "excluded_lines": [], "executed_branches": [[221, 222], [221, 249], [225, 221], [225, 226], [229, 221], [229, 230], [237, 240]], "missing_branches": [[237, 238]]}, "GradleBuildSystem.detect": {"executed_lines": [257], "summary": {"covered_lines": 1, "num_statements": 1, "percent_covered": 100.0, "percent_covered_display": "100", "missing_lines": 0, "excluded_lines": 0, "num_branches": 0, "num_partial_branches": 0, "covered_branches": 0, "missing_branches": 0}, "missing_lines": [], "excluded_lines": [], "executed_branches": [], "missing_branches": []}, "GradleBuildSystem.get_name": {"executed_lines": [264], "summary": {"covered_lines": 1, "num_statements": 1, "percent_covered": 100.0, "percent_covered_display": "100", "missing_lines": 0, "excluded_lines": 0, "num_branches": 0, "num_partial_branches": 0, "covered_branches": 0, "missing_branches": 0}, "missing_lines": [], "excluded_lines": [], "executed_branches": [], "missing_branches": []}, "GradleBuildSystem.resolve_dependencies": {"executed_lines": [283, 284, 287, 288, 289, 290, 291, 293, 298, 300, 301, 302, 305, 307, 308, 310, 319, 320, 321, 323], "summary": {"covered_lines": 20, "num_statements": 24, "percent_covered": 86.11111111111111, "percent_covered_display": "86", "missing_lines": 4, "excluded_lines": 0, "num_branches": 12, "num_partial_branches": 1, "covered_branches": 11, "missing_branches": 1}, "missing_lines": [325, 326, 329, 330], "excluded_lines": [], "executed_branches": [[283, 284], [283, 287], [288, 289], [288, 290], [290, 291], [290, 293], [301, 302], [301, 305], [307, 308], [307, 323], [319, 320]], "missing_branches": [[319, 307]]}, "GradleBuildSystem._check_gradle_available": {"executed_lines": [334, 335, 340, 341, 342], "summary": {"covered_lines": 5, "num_statements": 5, "percent_covered": 100.0, "percent_covered_display": "100", "missing_lines": 0, "excluded_lines": 0, "num_branches": 0, "num_partial_branches": 0, "covered_branches": 0, "missing_branches": 0}, "missing_lines": [], "excluded_lines": [], "executed_branches": [], "missing_branches": []}, "GradleBuildSystem._parse_gradle_output": {"executed_lines": [353, 355, 356, 360, 362, 365, 366, 369, 372, 373, 374, 375, 376, 378, 385, 387], "summary": {"covered_lines": 16, "num_statements": 16, "percent_covered": 100.0, "percent_covered_display": "100", "missing_lines": 0, "excluded_lines": 0, "num_branches": 8, "num_partial_branches": 0, "covered_branches": 8, "missing_branches": 0}, "missing_lines": [], "excluded_lines": [], "executed_branches": [[355, 356], [355, 387], [360, 355], [360, 362], [365, 366], [365, 369], [373, 355], [373, 374]], "missing_branches": []}, "BazelBuildSystem.detect": {"executed_lines": [395], "summary": {"covered_lines": 1, "num_statements": 1, "percent_covered": 100.0, "percent_covered_display": "100", "missing_lines": 0, "excluded_lines": 0, "num_branches": 0, "num_partial_branches": 0, "covered_branches": 0, "missing_branches": 0}, "missing_lines": [], "excluded_lines": [], "executed_branches": [], "missing_branches": []}, "BazelBuildSystem.get_name": {"executed_lines": [403], "summary": {"covered_lines": 1, "num_statements": 1, "percent_covered": 100.0, "percent_covered_display": "100", "missing_lines": 0, "excluded_lines": 0, "num_branches": 0, "num_partial_branches": 0, "covered_branches": 0, "missing_branches": 0}, "missing_lines": [], "excluded_lines": [], "executed_branches": [], "missing_branches": []}, "BazelBuildSystem.resolve_dependencies": {"executed_lines": [425, 426, 430, 434], "summary": {"covered_lines": 4, "num_statements": 4, "percent_covered": 100.0, "percent_covered_display": "100", "missing_lines": 0, "excluded_lines": 0, "num_branches": 2, "num_partial_branches": 0, "covered_branches": 2, "missing_branches": 0}, "missing_lines": [], "excluded_lines": [], "executed_branches": [[425, 426], [425, 430]], "missing_branches": []}, "detect_build_system": {"executed_lines": [447, 453, 454, 455, 457], "summary": {"covered_lines": 5, "num_statements": 5, "percent_covered": 100.0, "percent_covered_display": "100", "missing_lines": 0, "excluded_lines": 0, "num_branches": 4, "num_partial_branches": 0, "covered_branches": 4, "missing_branches": 0}, "missing_lines": [], "excluded_lines": [], "executed_branches": [[453, 454], [453, 457], [454, 453], [454, 455]], "missing_branches": []}, "main": {"executed_lines": [], "summary": {"covered_lines": 0, "num_statements": 22, "percent_covered": 0.0, "percent_covered_display": "0", "missing_lines": 22, "excluded_lines": 4, "num_branches": 8, "num_partial_branches": 0, "covered_branches": 0, "missing_branches": 8}, "missing_lines": [462, 464, 467, 472, 478, 480, 482, 483, 486, 487, 491, 493, 494, 495, 499, 502, 503, 508, 509, 510, 512, 513], "excluded_lines": [484, 488, 497, 514], "executed_branches": [], "missing_branches": [[482, 483], [482, 486], [486, 487], [486, 491], [493, 494], [493, 499], [509, -460], [509, 510]]}, "": {"executed_lines": [2, 9, 10, 11, 12, 13, 14, 17, 18, 20, 46, 52, 63, 67, 73, 78, 79, 81, 82, 93, 94, 113, 114, 123, 124, 126, 130, 134, 198, 210, 252, 253, 255, 262, 266, 332, 344, 390, 391, 393, 401, 405, 437, 460, 517], "summary": {"covered_lines": 37, "num_statements": 37, "percent_covered": 100.0, "percent_covered_display": "100", "missing_lines": 0, "excluded_lines": 3, "num_branches": 0, "num_partial_branches": 0, "covered_branches": 0, "missing_branches": 0}, "missing_lines": [], "excluded_lines": [63, 517, 518], "executed_branches": [], "missing_branches": []}}, "classes": {"Dependency": {"executed_lines": [39, 40, 41, 42, 43, 44, 48, 49, 50, 54, 65, 69, 70, 71, 75], "summary": {"covered_lines": 14, "num_statements": 14, "percent_covered": 100.0, "percent_covered_display": "100", "missing_lines": 0, "excluded_lines": 2, "num_branches": 4, "num_partial_branches": 0, "covered_branches": 4, "missing_branches": 0}, "missing_lines": [], "excluded_lines": [64, 65], "executed_branches": [[48, 49], [48, 50], [69, 70], [69, 71]], "missing_branches": []}, "BuildSystem": {"executed_lines": [], "summary": {"covered_lines": 0, "num_statements": 3, "percent_covered": 0.0, "percent_covered_display": "0", "missing_lines": 3, "excluded_lines": 0, "num_branches": 0, "num_partial_branches": 0, "covered_branches": 0, "missing_branches": 0}, "missing_lines": [91, 111, 120], "excluded_lines": [], "executed_branches": [], "missing_branches": []}, "MavenBuildSystem": {"executed_lines": [128, 132, 151, 152, 155, 156, 161, 163, 171, 172, 174, 182, 183, 188, 189, 191, 192, 195, 196, 200, 201, 206, 207, 208, 219, 221, 222, 225, 226, 229, 230, 231, 233, 234, 237, 240, 247, 249], "summary": {"covered_lines": 38, "num_statements": 39, "percent_covered": 96.36363636363636, "percent_covered_display": "96", "missing_lines": 1, "excluded_lines": 0, "num_branches": 16, "num_partial_branches": 1, "covered_branches": 15, "missing_branches": 1}, "missing_lines": [238], "excluded_lines": [], "executed_branches": [[151, 152], [151, 155], [155, 156], [155, 161], [171, 172], [171, 174], [182, 183], [182, 188], [221, 222], [221, 249], [225, 221], [225, 226], [229, 221], [229, 230], [237, 240]], "missing_branches": [[237, 238]]}, "GradleBuildSystem": {"executed_lines": [257, 264, 283, 284, 287, 288, 289, 290, 291, 293, 298, 300, 301, 302, 305, 307, 308, 310, 319, 320, 321, 323, 334, 335, 340, 341, 342, 353, 355, 356, 360, 362, 365, 366, 369, 372, 373, 374, 375, 376, 378, 385, 387], "summary": {"covered_lines": 43, "num_statements": 47, "percent_covered": 92.53731343283582, "percent_covered_display": "93", "missing_lines": 4, "excluded_lines": 0, "num_branches": 20, "num_partial_branches": 1, "covered_branches": 19, "missing_branches": 1}, "missing_lines": [325, 326, 329, 330], "excluded_lines": [], "executed_branches": [[283, 284], [283, 287], [288, 289], [288, 290], [290, 291], [290, 293], [301, 302], [301, 305], [307, 308], [307, 323], [319, 320], [355, 356], [355, 387], [360, 355], [360, 362], [365, 366], [365, 369], [373, 355], [373, 374]], "missing_branches": [[319, 307]]}, "BazelBuildSystem": {"executed_lines": [395, 403, 425, 426, 430, 434], "summary": {"covered_lines": 6, "num_statements": 6, "percent_covered": 100.0, "percent_covered_display": "100", "missing_lines": 0, "excluded_lines": 0, "num_branches": 2, "num_partial_branches": 0, "covered_branches": 2, "missing_branches": 0}, "missing_lines": [], "excluded_lines": [], "executed_branches": [[425, 426], [425, 430]], "missing_branches": []}, "": {"executed_lines": [2, 9, 10, 11, 12, 13, 14, 17, 18, 20, 46, 52, 63, 67, 73, 78, 79, 81, 82, 93, 94, 113, 114, 123, 124, 126, 130, 134, 198, 210, 252, 253, 255, 262, 266, 332, 344, 390, 391, 393, 401, 405, 437, 447, 453, 454, 455, 457, 460, 517], "summary": {"covered_lines": 42, "num_statements": 64, "percent_covered": 60.526315789473685, "percent_covered_display": "61", "missing_lines": 22, "excluded_lines": 7, "num_branches": 12, "num_partial_branches": 0, "covered_branches": 4, "missing_branches": 8}, "missing_lines": [462, 464, 467, 472, 478, 480, 482, 483, 486, 487, 491, 493, 494, 495, 499, 502, 503, 508, 509, 510, 512, 513], "excluded_lines": [63, 484, 488, 497, 514, 517, 518], "executed_branches": [[453, 454], [453, 457], [454, 453], [454, 455]], "missing_branches": [[482, 483], [482, 486], [486, 487], [486, 491], [493, 494], [493, 499], [509, -460], [509, 510]]}}}, "tools/supplychain/changelog_generator.py": {"executed_lines": [2, 8, 9, 10, 11, 12, 13, 15, 16, 23, 24, 26, 32, 34, 52, 53, 54, 55, 56, 57, 59, 61, 77, 80, 81, 82, 83, 86, 87, 89, 91, 92, 93, 94, 95, 96, 97, 98, 99, 100, 103, 104, 105, 106, 107, 110, 111, 112, 113, 114, 115, 116, 117, 118, 119, 120, 123, 124, 125, 126, 127, 128, 129, 132, 133, 134, 135, 136, 137, 138, 140, 143, 144, 145, 146, 147, 148, 149, 150, 151, 154, 155, 156, 157, 158, 159, 160, 161, 164, 165, 166, 167, 169, 171, 180, 183, 184, 187, 188, 189, 190, 192, 193, 195, 196, 199, 200, 201, 202, 204, 205, 206, 207, 208, 209, 211, 212, 213, 214, 215, 216, 218, 219, 220, 222, 224, 241, 243, 264, 265, 266, 267, 268, 269, 271, 273, 274, 276, 278, 279, 281, 286, 288, 304, 307, 308, 309, 310, 311, 312, 315, 316, 317, 318, 319, 320, 321, 322, 323, 324, 325, 328, 329, 330, 331, 332, 333, 334, 337, 338, 346, 347, 355, 356, 366, 367, 374, 375, 376, 377, 379, 382, 501], "summary": {"covered_lines": 180, "num_statements": 251, "percent_covered": 72.8862973760933, "percent_covered_display": "73", "missing_lines": 71, "excluded_lines": 6, "num_branches": 92, "num_partial_branches": 10, "covered_branches": 70, "missing_branches": 22}, "missing_lines": [139, 270, 275, 277, 339, 340, 341, 342, 343, 348, 349, 350, 351, 352, 357, 358, 359, 360, 361, 362, 363, 368, 369, 370, 371, 372, 388, 404, 409, 414, 421, 427, 433, 438, 443, 445, 447, 448, 450, 451, 454, 455, 456, 457, 458, 461, 462, 465, 466, 467, 475, 476, 477, 478, 479, 481, 483, 485, 486, 487, 488, 489, 490, 491, 492, 493, 494, 495, 496, 497, 498], "excluded_lines": [17, 18, 19, 20, 501, 502], "executed_branches": [[52, 53], [52, 54], [54, 55], [54, 56], [56, 57], [56, 59], [103, 104], [103, 110], [111, 112], [111, 123], [114, 115], [114, 120], [116, 117], [116, 118], [118, 114], [118, 119], [124, 125], [124, 132], [127, 128], [127, 129], [133, 134], [133, 143], [136, 137], [136, 140], [138, 136], [144, 145], [144, 154], [149, 150], [149, 151], [155, 156], [155, 164], [158, 159], [158, 161], [187, 188], [187, 199], [188, 189], [199, 200], [199, 204], [200, 201], [204, 205], [204, 211], [207, 208], [207, 209], [211, 212], [211, 218], [214, 215], [214, 216], [218, 219], [218, 222], [264, 265], [264, 281], [265, 266], [265, 267], [267, 268], [267, 269], [269, 271], [271, 273], [271, 274], [274, 276], [276, 278], [278, 264], [278, 279], [329, 330], [329, 337], [332, 333], [332, 334], [338, 346], [347, 355], [356, 366], [367, 374]], "missing_branches": [[138, 139], [188, 187], [200, 199], [269, 270], [274, 275], [276, 277], [338, 339], [341, 342], [341, 343], [347, 348], [350, 351], [350, 352], [356, 357], [361, 362], [361, 363], [367, 368], [370, 371], [370, 372], [455, 456], [455, 461], [475, 476], [475, 481]], "functions": {"ChangelogGenerator.__init__": {"executed_lines": [32], "summary": {"covered_lines": 1, "num_statements": 1, "percent_covered": 100.0, "percent_covered_display": "100", "missing_lines": 0, "excluded_lines": 0, "num_branches": 0, "num_partial_branches": 0, "covered_branches": 0, "missing_branches": 0}, "missing_lines": [], "excluded_lines": [], "executed_branches": [], "missing_branches": []}, "ChangelogGenerator.generate": {"executed_lines": [52, 53, 54, 55, 56, 57, 59], "summary": {"covered_lines": 7, "num_statements": 7, "percent_covered": 100.0, "percent_covered_display": "100", "missing_lines": 0, "excluded_lines": 0, "num_branches": 6, "num_partial_branches": 0, "covered_branches": 6, "missing_branches": 0}, "missing_lines": [], "excluded_lines": [], "executed_branches": [[52, 53], [52, 54], [54, 55], [54, 56], [56, 57], [56, 59]], "missing_branches": []}, "ChangelogGenerator._generate_markdown": {"executed_lines": [77, 80, 81, 82, 83, 86, 87, 89, 91, 92, 93, 94, 95, 96, 97, 98, 99, 100, 103, 104, 105, 106, 107, 110, 111, 112, 113, 114, 115, 116, 117, 118, 119, 120, 123, 124, 125, 126, 127, 128, 129, 132, 133, 134, 135, 136, 137, 138, 140, 143, 144, 145, 146, 147, 148, 149, 150, 151, 154, 155, 156, 157, 158, 159, 160, 161, 164, 165, 166, 167, 169], "summary": {"covered_lines": 71, "num_statements": 72, "percent_covered": 98.0, "percent_covered_display": "98", "missing_lines": 1, "excluded_lines": 0, "num_branches": 28, "num_partial_branches": 1, "covered_branches": 27, "missing_branches": 1}, "missing_lines": [139], "excluded_lines": [], "executed_branches": [[103, 104], [103, 110], [111, 112], [111, 123], [114, 115], [114, 120], [116, 117], [116, 118], [118, 114], [118, 119], [124, 125], [124, 132], [127, 128], [127, 129], [133, 134], [133, 143], [136, 137], [136, 140], [138, 136], [144, 145], [144, 154], [149, 150], [149, 151], [155, 156], [155, 164], [158, 159], [158, 161]], "missing_branches": [[138, 139]]}, "ChangelogGenerator._generate_security_section": {"executed_lines": [180, 183, 184, 187, 188, 189, 190, 192, 193, 195, 196, 199, 200, 201, 202, 204, 205, 206, 207, 208, 209, 211, 212, 213, 214, 215, 216, 218, 219, 220, 222], "summary": {"covered_lines": 31, "num_statements": 31, "percent_covered": 95.91836734693878, "percent_covered_display": "96", "missing_lines": 0, "excluded_lines": 0, "num_branches": 18, "num_partial_branches": 2, "covered_branches": 16, "missing_branches": 2}, "missing_lines": [], "excluded_lines": [], "executed_branches": [[187, 188], [187, 199], [188, 189], [199, 200], [199, 204], [200, 201], [204, 205], [204, 211], [207, 208], [207, 209], [211, 212], [211, 218], [214, 215], [214, 216], [218, 219], [218, 222]], "missing_branches": [[188, 187], [200, 199]]}, "ChangelogGenerator._generate_html": {"executed_lines": [241, 243, 264, 265, 266, 267, 268, 269, 271, 273, 274, 276, 278, 279, 281, 286], "summary": {"covered_lines": 16, "num_statements": 19, "percent_covered": 82.85714285714286, "percent_covered_display": "83", "missing_lines": 3, "excluded_lines": 0, "num_branches": 16, "num_partial_branches": 3, "covered_branches": 13, "missing_branches": 3}, "missing_lines": [270, 275, 277], "excluded_lines": [], "executed_branches": [[264, 265], [264, 281], [265, 266], [265, 267], [267, 268], [267, 269], [269, 271], [271, 273], [271, 274], [274, 276], [276, 278], [278, 264], [278, 279]], "missing_branches": [[269, 270], [274, 275], [276, 277]]}, "ChangelogGenerator._generate_text": {"executed_lines": [304, 307, 308, 309, 310, 311, 312, 315, 316, 317, 318, 319, 320, 321, 322, 323, 324, 325, 328, 329, 330, 331, 332, 333, 334, 337, 338, 346, 347, 355, 356, 366, 367, 374, 375, 376, 377, 379], "summary": {"covered_lines": 38, "num_statements": 60, "percent_covered": 57.5, "percent_covered_display": "58", "missing_lines": 22, "excluded_lines": 0, "num_branches": 20, "num_partial_branches": 4, "covered_branches": 8, "missing_branches": 12}, "missing_lines": [339, 340, 341, 342, 343, 348, 349, 350, 351, 352, 357, 358, 359, 360, 361, 362, 363, 368, 369, 370, 371, 372], "excluded_lines": [], "executed_branches": [[329, 330], [329, 337], [332, 333], [332, 334], [338, 346], [347, 355], [356, 366], [367, 374]], "missing_branches": [[338, 339], [341, 342], [341, 343], [347, 348], [350, 351], [350, 352], [356, 357], [361, 362], [361, 363], [367, 368], [370, 371], [370, 372]]}, "main": {"executed_lines": [], "summary": {"covered_lines": 0, "num_statements": 45, "percent_covered": 0.0, "percent_covered_display": "0", "missing_lines": 45, "excluded_lines": 0, "num_branches": 4, "num_partial_branches": 0, "covered_branches": 0, "missing_branches": 4}, "missing_lines": [388, 404, 409, 414, 421, 427, 433, 438, 443, 445, 447, 448, 450, 451, 454, 455, 456, 457, 458, 461, 462, 465, 466, 467, 475, 476, 477, 478, 479, 481, 483, 485, 486, 487, 488, 489, 490, 491, 492, 493, 494, 495, 496, 497, 498], "excluded_lines": [], "executed_branches": [], "missing_branches": [[455, 456], [455, 461], [475, 476], [475, 481]]}, "": {"executed_lines": [2, 8, 9, 10, 11, 12, 13, 15, 16, 23, 24, 26, 34, 61, 171, 224, 288, 382, 501], "summary": {"covered_lines": 16, "num_statements": 16, "percent_covered": 100.0, "percent_covered_display": "100", "missing_lines": 0, "excluded_lines": 6, "num_branches": 0, "num_partial_branches": 0, "covered_branches": 0, "missing_branches": 0}, "missing_lines": [], "excluded_lines": [17, 18, 19, 20, 501, 502], "executed_branches": [], "missing_branches": []}}, "classes": {"ChangelogGenerator": {"executed_lines": [32, 52, 53, 54, 55, 56, 57, 59, 77, 80, 81, 82, 83, 86, 87, 89, 91, 92, 93, 94, 95, 96, 97, 98, 99, 100, 103, 104, 105, 106, 107, 110, 111, 112, 113, 114, 115, 116, 117, 118, 119, 120, 123, 124, 125, 126, 127, 128, 129, 132, 133, 134, 135, 136, 137, 138, 140, 143, 144, 145, 146, 147, 148, 149, 150, 151, 154, 155, 156, 157, 158, 159, 160, 161, 164, 165, 166, 167, 169, 180, 183, 184, 187, 188, 189, 190, 192, 193, 195, 196, 199, 200, 201, 202, 204, 205, 206, 207, 208, 209, 211, 212, 213, 214, 215, 216, 218, 219, 220, 222, 241, 243, 264, 265, 266, 267, 268, 269, 271, 273, 274, 276, 278, 279, 281, 286, 304, 307, 308, 309, 310, 311, 312, 315, 316, 317, 318, 319, 320, 321, 322, 323, 324, 325, 328, 329, 330, 331, 332, 333, 334, 337, 338, 346, 347, 355, 356, 366, 367, 374, 375, 376, 377, 379], "summary": {"covered_lines": 164, "num_statements": 190, "percent_covered": 84.1726618705036, "percent_covered_display": "84", "missing_lines": 26, "excluded_lines": 0, "num_branches": 88, "num_partial_branches": 10, "covered_branches": 70, "missing_branches": 18}, "missing_lines": [139, 270, 275, 277, 339, 340, 341, 342, 343, 348, 349, 350, 351, 352, 357, 358, 359, 360, 361, 362, 363, 368, 369, 370, 371, 372], "excluded_lines": [], "executed_branches": [[52, 53], [52, 54], [54, 55], [54, 56], [56, 57], [56, 59], [103, 104], [103, 110], [111, 112], [111, 123], [114, 115], [114, 120], [116, 117], [116, 118], [118, 114], [118, 119], [124, 125], [124, 132], [127, 128], [127, 129], [133, 134], [133, 143], [136, 137], [136, 140], [138, 136], [144, 145], [144, 154], [149, 150], [149, 151], [155, 156], [155, 164], [158, 159], [158, 161], [187, 188], [187, 199], [188, 189], [199, 200], [199, 204], [200, 201], [204, 205], [204, 211], [207, 208], [207, 209], [211, 212], [211, 218], [214, 215], [214, 216], [218, 219], [218, 222], [264, 265], [264, 281], [265, 266], [265, 267], [267, 268], [267, 269], [269, 271], [271, 273], [271, 274], [274, 276], [276, 278], [278, 264], [278, 279], [329, 330], [329, 337], [332, 333], [332, 334], [338, 346], [347, 355], [356, 366], [367, 374]], "missing_branches": [[138, 139], [188, 187], [200, 199], [269, 270], [274, 275], [276, 277], [338, 339], [341, 342], [341, 343], [347, 348], [350, 351], [350, 352], [356, 357], [361, 362], [361, 363], [367, 368], [370, 371], [370, 372]]}, "": {"executed_lines": [2, 8, 9, 10, 11, 12, 13, 15, 16, 23, 24, 26, 34, 61, 171, 224, 288, 382, 501], "summary": {"covered_lines": 16, "num_statements": 61, "percent_covered": 24.615384615384617, "percent_covered_display": "25", "missing_lines": 45, "excluded_lines": 6, "num_branches": 4, "num_partial_branches": 0, "covered_branches": 0, "missing_branches": 4}, "missing_lines": [388, 404, 409, 414, 421, 427, 433, 438, 443, 445, 447, 448, 450, 451, 454, 455, 456, 457, 458, 461, 462, 465, 466, 467, 475, 476, 477, 478, 479, 481, 483, 485, 486, 487, 488, 489, 490, 491, 492, 493, 494, 495, 496, 497, 498], "excluded_lines": [17, 18, 19, 20, 501, 502], "executed_branches": [], "missing_branches": [[455, 456], [455, 461], [475, 476], [475, 481]]}}}, "tools/supplychain/compliance_report.py": {"executed_lines": [], "summary": {"covered_lines": 0, "num_statements": 207, "percent_covered": 0.0, "percent_covered_display": "0", "missing_lines": 207, "excluded_lines": 6, "num_branches": 78, "num_partial_branches": 0, "covered_branches": 0, "missing_branches": 78}, "missing_lines": [9, 10, 11, 12, 13, 14, 15, 17, 18, 25, 28, 46, 48, 51, 57, 58, 59, 60, 61, 63, 64, 70, 71, 72, 77, 78, 79, 82, 88, 89, 91, 101, 102, 103, 104, 105, 107, 116, 118, 140, 143, 144, 145, 146, 147, 150, 151, 152, 153, 154, 157, 158, 159, 160, 161, 164, 165, 166, 168, 170, 179, 196, 197, 199, 202, 203, 204, 206, 207, 208, 209, 210, 211, 212, 213, 214, 215, 218, 219, 222, 223, 224, 226, 227, 228, 229, 230, 231, 232, 233, 235, 237, 239, 253, 255, 257, 266, 268, 269, 271, 273, 287, 289, 292, 315, 325, 327, 328, 330, 332, 346, 348, 351, 352, 353, 354, 355, 357, 366, 367, 368, 369, 371, 373, 383, 385, 386, 388, 390, 406, 408, 411, 412, 415, 431, 433, 443, 445, 446, 448, 450, 469, 470, 473, 474, 475, 476, 482, 484, 492, 499, 500, 502, 503, 505, 506, 508, 509, 512, 513, 514, 516, 517, 518, 520, 521, 522, 524, 527, 533, 538, 543, 547, 551, 557, 562, 571, 576, 580, 587, 592, 594, 596, 604, 605, 613, 614, 621, 622, 623, 625, 626, 627, 628, 630, 632, 634, 635, 636, 637, 638, 639, 640, 641, 642, 643, 644], "excluded_lines": [19, 20, 21, 22, 647, 648], "executed_branches": [], "missing_branches": [[46, 48], [46, 70], [58, 59], [58, 63], [59, 58], [59, 60], [63, 64], [63, 70], [71, 72], [71, 77], [143, 144], [143, 150], [144, 145], [144, 146], [150, 151], [150, 157], [151, 152], [151, 153], [157, 158], [157, 164], [158, 159], [158, 160], [164, 165], [164, 168], [196, 197], [196, 202], [202, 203], [202, 222], [206, 207], [206, 222], [208, 209], [208, 210], [210, 211], [210, 212], [212, 213], [212, 214], [214, 215], [214, 218], [218, 206], [218, 219], [222, 223], [222, 237], [226, 227], [226, 237], [228, 229], [228, 230], [230, 231], [230, 232], [232, 233], [232, 235], [352, 353], [352, 373], [353, 354], [353, 373], [354, 355], [354, 357], [366, 367], [366, 371], [367, 366], [367, 368], [411, 412], [411, 415], [469, 470], [469, 473], [474, 475], [474, 482], [475, 474], [475, 476], [512, 513], [512, 516], [516, 517], [516, 520], [520, 521], [520, 524], [625, 626], [625, 630], [627, 625], [627, 628]], "functions": {"ComplianceReportGenerator.__init__": {"executed_lines": [], "summary": {"covered_lines": 0, "num_statements": 19, "percent_covered": 0.0, "percent_covered_display": "0", "missing_lines": 19, "excluded_lines": 0, "num_branches": 10, "num_partial_branches": 0, "covered_branches": 0, "missing_branches": 10}, "missing_lines": [46, 48, 51, 57, 58, 59, 60, 61, 63, 64, 70, 71, 72, 77, 78, 79, 82, 88, 89], "excluded_lines": [], "executed_branches": [], "missing_branches": [[46, 48], [46, 70], [58, 59], [58, 63], [59, 58], [59, 60], [63, 64], [63, 70], [71, 72], [71, 77]]}, "ComplianceReportGenerator._format_date": {"executed_lines": [], "summary": {"covered_lines": 0, "num_statements": 5, "percent_covered": 0.0, "percent_covered_display": "0", "missing_lines": 5, "excluded_lines": 0, "num_branches": 0, "num_partial_branches": 0, "covered_branches": 0, "missing_branches": 0}, "missing_lines": [101, 102, 103, 104, 105], "excluded_lines": [], "executed_branches": [], "missing_branches": []}, "ComplianceReportGenerator._format_number": {"executed_lines": [], "summary": {"covered_lines": 0, "num_statements": 1, "percent_covered": 0.0, "percent_covered_display": "0", "missing_lines": 1, "excluded_lines": 0, "num_branches": 0, "num_partial_branches": 0, "covered_branches": 0, "missing_branches": 0}, "missing_lines": [116], "excluded_lines": [], "executed_branches": [], "missing_branches": []}, "ComplianceReportGenerator.load_data": {"executed_lines": [], "summary": {"covered_lines": 0, "num_statements": 20, "percent_covered": 0.0, "percent_covered_display": "0", "missing_lines": 20, "excluded_lines": 0, "num_branches": 14, "num_partial_branches": 0, "covered_branches": 0, "missing_branches": 14}, "missing_lines": [140, 143, 144, 145, 146, 147, 150, 151, 152, 153, 154, 157, 158, 159, 160, 161, 164, 165, 166, 168], "excluded_lines": [], "executed_branches": [], "missing_branches": [[143, 144], [143, 150], [144, 145], [144, 146], [150, 151], [150, 157], [151, 152], [151, 153], [157, 158], [157, 164], [158, 159], [158, 160], [164, 165], [164, 168]]}, "ComplianceReportGenerator._calculate_summary_stats": {"executed_lines": [], "summary": {"covered_lines": 0, "num_statements": 32, "percent_covered": 0.0, "percent_covered_display": "0", "missing_lines": 32, "excluded_lines": 0, "num_branches": 26, "num_partial_branches": 0, "covered_branches": 0, "missing_branches": 26}, "missing_lines": [179, 196, 197, 199, 202, 203, 204, 206, 207, 208, 209, 210, 211, 212, 213, 214, 215, 218, 219, 222, 223, 224, 226, 227, 228, 229, 230, 231, 232, 233, 235, 237], "excluded_lines": [], "executed_branches": [], "missing_branches": [[196, 197], [196, 202], [202, 203], [202, 222], [206, 207], [206, 222], [208, 209], [208, 210], [210, 211], [210, 212], [212, 213], [212, 214], [214, 215], [214, 218], [218, 206], [218, 219], [222, 223], [222, 237], [226, 227], [226, 237], [228, 229], [228, 230], [230, 231], [230, 232], [232, 233], [232, 235]]}, "ComplianceReportGenerator.generate_executive_summary": {"executed_lines": [], "summary": {"covered_lines": 0, "num_statements": 7, "percent_covered": 0.0, "percent_covered_display": "0", "missing_lines": 7, "excluded_lines": 0, "num_branches": 0, "num_partial_branches": 0, "covered_branches": 0, "missing_branches": 0}, "missing_lines": [253, 255, 257, 266, 268, 269, 271], "excluded_lines": [], "executed_branches": [], "missing_branches": []}, "ComplianceReportGenerator.generate_soc2_report": {"executed_lines": [], "summary": {"covered_lines": 0, "num_statements": 8, "percent_covered": 0.0, "percent_covered_display": "0", "missing_lines": 8, "excluded_lines": 0, "num_branches": 0, "num_partial_branches": 0, "covered_branches": 0, "missing_branches": 0}, "missing_lines": [287, 289, 292, 315, 325, 327, 328, 330], "excluded_lines": [], "executed_branches": [], "missing_branches": []}, "ComplianceReportGenerator.generate_attribution_report": {"executed_lines": [], "summary": {"covered_lines": 0, "num_statements": 18, "percent_covered": 0.0, "percent_covered_display": "0", "missing_lines": 18, "excluded_lines": 0, "num_branches": 10, "num_partial_branches": 0, "covered_branches": 0, "missing_branches": 10}, "missing_lines": [346, 348, 351, 352, 353, 354, 355, 357, 366, 367, 368, 369, 371, 373, 383, 385, 386, 388], "excluded_lines": [], "executed_branches": [], "missing_branches": [[352, 353], [352, 373], [353, 354], [353, 373], [354, 355], [354, 357], [366, 367], [366, 371], [367, 366], [367, 368]]}, "ComplianceReportGenerator.generate_audit_trail": {"executed_lines": [], "summary": {"covered_lines": 0, "num_statements": 11, "percent_covered": 0.0, "percent_covered_display": "0", "missing_lines": 11, "excluded_lines": 0, "num_branches": 2, "num_partial_branches": 0, "covered_branches": 0, "missing_branches": 2}, "missing_lines": [406, 408, 411, 412, 415, 431, 433, 443, 445, 446, 448], "excluded_lines": [], "executed_branches": [], "missing_branches": [[411, 412], [411, 415]]}, "ComplianceReportGenerator.generate_all_reports": {"executed_lines": [], "summary": {"covered_lines": 0, "num_statements": 27, "percent_covered": 0.0, "percent_covered_display": "0", "missing_lines": 27, "excluded_lines": 0, "num_branches": 12, "num_partial_branches": 0, "covered_branches": 0, "missing_branches": 12}, "missing_lines": [469, 470, 473, 474, 475, 476, 482, 484, 492, 499, 500, 502, 503, 505, 506, 508, 509, 512, 513, 514, 516, 517, 518, 520, 521, 522, 524], "excluded_lines": [], "executed_branches": [], "missing_branches": [[469, 470], [469, 473], [474, 475], [474, 482], [475, 474], [475, 476], [512, 513], [512, 516], [516, 517], [516, 520], [520, 521], [520, 524]]}, "main": {"executed_lines": [], "summary": {"covered_lines": 0, "num_statements": 38, "percent_covered": 0.0, "percent_covered_display": "0", "missing_lines": 38, "excluded_lines": 0, "num_branches": 4, "num_partial_branches": 0, "covered_branches": 0, "missing_branches": 4}, "missing_lines": [533, 538, 543, 547, 551, 557, 562, 571, 576, 580, 587, 592, 594, 596, 604, 605, 613, 614, 621, 622, 623, 625, 626, 627, 628, 630, 632, 634, 635, 636, 637, 638, 639, 640, 641, 642, 643, 644], "excluded_lines": [], "executed_branches": [], "missing_branches": [[625, 626], [625, 630], [627, 625], [627, 628]]}, "": {"executed_lines": [], "summary": {"covered_lines": 0, "num_statements": 21, "percent_covered": 0.0, "percent_covered_display": "0", "missing_lines": 21, "excluded_lines": 6, "num_branches": 0, "num_partial_branches": 0, "covered_branches": 0, "missing_branches": 0}, "missing_lines": [9, 10, 11, 12, 13, 14, 15, 17, 18, 25, 28, 91, 107, 118, 170, 239, 273, 332, 390, 450, 527], "excluded_lines": [19, 20, 21, 22, 647, 648], "executed_branches": [], "missing_branches": []}}, "classes": {"ComplianceReportGenerator": {"executed_lines": [], "summary": {"covered_lines": 0, "num_statements": 148, "percent_covered": 0.0, "percent_covered_display": "0", "missing_lines": 148, "excluded_lines": 0, "num_branches": 74, "num_partial_branches": 0, "covered_branches": 0, "missing_branches": 74}, "missing_lines": [46, 48, 51, 57, 58, 59, 60, 61, 63, 64, 70, 71, 72, 77, 78, 79, 82, 88, 89, 101, 102, 103, 104, 105, 116, 140, 143, 144, 145, 146, 147, 150, 151, 152, 153, 154, 157, 158, 159, 160, 161, 164, 165, 166, 168, 179, 196, 197, 199, 202, 203, 204, 206, 207, 208, 209, 210, 211, 212, 213, 214, 215, 218, 219, 222, 223, 224, 226, 227, 228, 229, 230, 231, 232, 233, 235, 237, 253, 255, 257, 266, 268, 269, 271, 287, 289, 292, 315, 325, 327, 328, 330, 346, 348, 351, 352, 353, 354, 355, 357, 366, 367, 368, 369, 371, 373, 383, 385, 386, 388, 406, 408, 411, 412, 415, 431, 433, 443, 445, 446, 448, 469, 470, 473, 474, 475, 476, 482, 484, 492, 499, 500, 502, 503, 505, 506, 508, 509, 512, 513, 514, 516, 517, 518, 520, 521, 522, 524], "excluded_lines": [], "executed_branches": [], "missing_branches": [[46, 48], [46, 70], [58, 59], [58, 63], [59, 58], [59, 60], [63, 64], [63, 70], [71, 72], [71, 77], [143, 144], [143, 150], [144, 145], [144, 146], [150, 151], [150, 157], [151, 152], [151, 153], [157, 158], [157, 164], [158, 159], [158, 160], [164, 165], [164, 168], [196, 197], [196, 202], [202, 203], [202, 222], [206, 207], [206, 222], [208, 209], [208, 210], [210, 211], [210, 212], [212, 213], [212, 214], [214, 215], [214, 218], [218, 206], [218, 219], [222, 223], [222, 237], [226, 227], [226, 237], [228, 229], [228, 230], [230, 231], [230, 232], [232, 233], [232, 235], [352, 353], [352, 373], [353, 354], [353, 373], [354, 355], [354, 357], [366, 367], [366, 371], [367, 366], [367, 368], [411, 412], [411, 415], [469, 470], [469, 473], [474, 475], [474, 482], [475, 474], [475, 476], [512, 513], [512, 516], [516, 517], [516, 520], [520, 521], [520, 524]]}, "": {"executed_lines": [], "summary": {"covered_lines": 0, "num_statements": 59, "percent_covered": 0.0, "percent_covered_display": "0", "missing_lines": 59, "excluded_lines": 6, "num_branches": 4, "num_partial_branches": 0, "covered_branches": 0, "missing_branches": 4}, "missing_lines": [9, 10, 11, 12, 13, 14, 15, 17, 18, 25, 28, 91, 107, 118, 170, 239, 273, 332, 390, 450, 527, 533, 538, 543, 547, 551, 557, 562, 571, 576, 580, 587, 592, 594, 596, 604, 605, 613, 614, 621, 622, 623, 625, 626, 627, 628, 630, 632, 634, 635, 636, 637, 638, 639, 640, 641, 642, 643, 644], "excluded_lines": [19, 20, 21, 22, 647, 648], "executed_branches": [], "missing_branches": [[625, 626], [625, 630], [627, 625], [627, 628]]}}}, "tools/supplychain/conflict_detector.py": {"executed_lines": [2, 8, 9, 10, 11, 12, 15, 25, 26, 28, 31, 32, 33, 35, 36, 39, 40, 41, 43, 44, 46, 54, 64, 66, 67, 68, 70, 71, 72, 73, 74, 76, 77, 78, 81, 82, 83, 84, 85, 86, 87, 88, 89, 91, 92, 94, 97, 108, 110, 111, 112, 113, 114, 115, 121, 122, 125, 126, 128, 137, 139, 142, 177, 237], "summary": {"covered_lines": 62, "num_statements": 101, "percent_covered": 63.08724832214765, "percent_covered_display": "63", "missing_lines": 39, "excluded_lines": 3, "num_branches": 48, "num_partial_branches": 2, "covered_branches": 32, "missing_branches": 16}, "missing_lines": [116, 117, 119, 152, 154, 160, 161, 168, 170, 171, 173, 174, 179, 182, 187, 192, 198, 200, 201, 202, 205, 206, 207, 208, 209, 210, 211, 212, 215, 217, 218, 220, 225, 226, 228, 230, 231, 232, 233], "excluded_lines": [234, 237, 238], "executed_branches": [[25, 26], [25, 28], [31, 32], [31, 35], [40, 41], [40, 43], [66, 67], [66, 81], [68, 70], [68, 76], [70, 66], [70, 71], [72, 66], [72, 73], [77, 66], [77, 78], [82, 83], [82, 94], [84, 85], [84, 91], [85, 86], [85, 88], [88, 84], [88, 89], [91, 82], [91, 92], [110, 111], [110, 139], [112, 113], [112, 125], [113, 114], [121, 122]], "missing_branches": [[113, 116], [116, 117], [116, 119], [121, 112], [160, 161], [160, 170], [206, 207], [206, 211], [207, 208], [207, 209], [209
[...]
], [189, 190], [189, 194], [191, 192], [191, 194], [214, 215], [214, 222], [216, 214], [216, 217], [219, 214], [219, 220], [222, 223], [222, 225], [225, 226], [225, 230], [251, 252], [251, 264], [269, 270], [269, 289]], "missing_branches": [[85, 88], [123, 124]]}}}, "tools/supplychain/vulncheck_enrichment.py": {"executed_lines": [2, 11, 12, 13, 14, 16, 17, 24, 25, 27, 29, 36, 37, 39, 52, 53, 55, 58, 62, 66, 67, 74, 75, 77, 82, 83, 91, 93, 95, 96, 97, 102, 103, 105, 107, 110, 115, 117, 118, 120, 131, 138, 139, 141, 142, 143, 150, 151, 153, 165, 169, 171, 172, 177, 179, 180, 181, 184, 185, 186, 187, 188, 189, 190, 196, 199, 201, 203, 206, 210, 214, 220, 222, 223, 224, 226, 227, 229, 230, 231, 232, 233, 234, 235, 236, 238, 239, 240, 242, 243, 244, 245, 248], "summary": {"covered_lines": 90, "num_statements": 97, "percent_covered": 87.96992481203007, "percent_covered_display": "88", "missing_lines": 7, "excluded_lines": 6, "num_branches": 36, "num_partial_branches": 9, "covered_branches": 27, "missing_branches": 9}, "missing_lines": [56, 59, 63, 92, 94, 111, 166], "excluded_lines": [18, 19, 20, 21, 248, 249], "executed_branches": [[52, 53], [52, 55], [55, 58], [58, 62], [62, 66], [66, 67], [66, 77], [91, 93], [93, 95], [95, 96], [95, 105], [110, 115], [117, 118], [117, 131], [165, 169], [171, 172], [171, 179], [184, 185], [185, 186], [185, 187], [226, 227], [226, 229], [229, 230], [229, 238], [235, 236], [239, 240], [239, 242]], "missing_branches": [[55, 56], [58, 59], [62, 63], [91, 92], [93, 94], [110, 111], [165, 166], [184, 196], [235, 242]], "functions": {"VulnCheckEnricher.__init__": {"executed_lines": [36, 37], "summary": {"covered_lines": 2, "num_statements": 2, "percent_covered": 100.0, "percent_covered_display": "100", "missing_lines": 0, "excluded_lines": 0, "num_branches": 0, "num_partial_branches": 0, "covered_branches": 0, "missing_branches": 0}, "missing_lines": [], "excluded_lines": [], "executed_branches": [], "missing_branches": []}, "VulnCheckEnricher.get_exploit_status": {"executed_lines": [52, 53, 55, 58, 62, 66, 67, 74, 75, 77, 82, 83, 91, 93, 95, 96, 97, 102, 103, 105, 107, 110, 115, 117, 118, 120, 131, 138, 139, 141, 142, 143, 150, 151], "summary": {"covered_lines": 34, "num_statements": 40, "percent_covered": 80.0, "percent_covered_display": "80", "missing_lines": 6, "excluded_lines": 0, "num_branches": 20, "num_partial_branches": 6, "covered_branches": 14, "missing_branches": 6}, "missing_lines": [56, 59, 63, 92, 94, 111], "excluded_lines": [], "executed_branches": [[52, 53], [52, 55], [55, 58], [58, 62], [62, 66], [66, 67], [66, 77], [91, 93], [93, 95], [95, 96], [95, 105], [110, 115], [117, 118], [117, 131]], "missing_branches": [[55, 56], [58, 59], [62, 63], [91, 92], [93, 94], [110, 111]]}, "VulnCheckEnricher.enrich_finding": {"executed_lines": [165, 169, 171, 172, 177, 179, 180, 181, 184, 185, 186, 187, 188, 189, 190, 196], "summary": {"covered_lines": 16, "num_statements": 17, "percent_covered": 88.0, "percent_covered_display": "88", "missing_lines": 1, "excluded_lines": 0, "num_branches": 8, "num_partial_branches": 2, "covered_branches": 6, "missing_branches": 2}, "missing_lines": [166], "excluded_lines": [], "executed_branches": [[165, 169], [171, 172], [171, 179], [184, 185], [185, 186], [185, 187]], "missing_branches": [[165, 166], [184, 196]]}, "main": {"executed_lines": [201, 203, 206, 210, 214, 220, 222, 223, 224, 226, 227, 229, 230, 231, 232, 233, 234, 235, 236, 238, 239, 240, 242, 243, 244, 245], "summary": {"covered_lines": 26, "num_statements": 26, "percent_covered": 97.05882352941177, "percent_covered_display": "97", "missing_lines": 0, "excluded_lines": 0, "num_branches": 8, "num_partial_branches": 1, "covered_branches": 7, "missing_branches": 1}, "missing_lines": [], "excluded_lines": [], "executed_branches": [[226, 227], [226, 229], [229, 230], [229, 238], [235, 236], [239, 240], [239, 242]], "missing_branches": [[235, 242]]}, "": {"executed_lines": [2, 11, 12, 13, 14, 16, 17, 24, 25, 27, 29, 39, 153, 199, 248], "summary": {"covered_lines": 12, "num_statements": 12, "percent_covered": 100.0, "percent_covered_display": "100", "missing_lines": 0, "excluded_lines": 6, "num_branches": 0, "num_partial_branches": 0, "covered_branches": 0, "missing_branches": 0}, "missing_lines": [], "excluded_lines": [18, 19, 20, 21, 248, 249], "executed_branches": [], "missing_branches": []}}, "classes": {"VulnCheckEnricher": {"executed_lines": [36, 37, 52, 53, 55, 58, 62, 66, 67, 74, 75, 77, 82, 83, 91, 93, 95, 96, 97, 102, 103, 105, 107, 110, 115, 117, 118, 120, 131, 138, 139, 141, 142, 143, 150, 151, 165, 169, 171, 172, 177, 179, 180, 181, 184, 185, 186, 187, 188, 189, 190, 196], "summary": {"covered_lines": 52, "num_statements": 59, "percent_covered": 82.75862068965517, "percent_covered_display": "83", "missing_lines": 7, "excluded_lines": 0, "num_branches": 28, "num_partial_branches": 8, "covered_branches": 20, "missing_branches": 8}, "missing_lines": [56, 59, 63, 92, 94, 111, 166], "excluded_lines": [], "executed_branches": [[52, 53], [52, 55], [55, 58], [58, 62], [62, 66], [66, 67], [66, 77], [91, 93], [93, 95], [95, 96], [95, 105], [110, 115], [117, 118], [117, 131], [165, 169], [171, 172], [171, 179], [184, 185], [185, 186], [185, 187]], "missing_branches": [[55, 56], [58, 59], [62, 63], [91, 92], [93, 94], [110, 111], [165, 166], [184, 196]]}, "": {"executed_lines": [2, 11, 12, 13, 14, 16, 17, 24, 25, 27, 29, 39, 153, 199, 201, 203, 206, 210, 214, 220, 222, 223, 224, 226, 227, 229, 230, 231, 232, 233, 234, 235, 236, 238, 239, 240, 242, 243, 244, 245, 248], "summary": {"covered_lines": 38, "num_statements": 38, "percent_covered": 97.82608695652173, "percent_covered_display": "98", "missing_lines": 0, "excluded_lines": 6, "num_branches": 8, "num_partial_branches": 1, "covered_branches": 7, "missing_branches": 1}, "missing_lines": [], "excluded_lines": [18, 19, 20, 21, 248, 249], "executed_branches": [[226, 227], [226, 229], [229, 230], [229, 238], [235, 236], [239, 240], [239, 242]], "missing_branches": [[235, 242]]}}}, "tools/supplychain/vulnerability_enrichment.py": {"executed_lines": [2, 8, 9, 10, 12, 13, 14, 15, 18, 19, 22, 23, 24, 25, 28, 29, 30, 31, 33, 52, 53, 54, 55, 57, 69, 70, 72, 73, 75, 78, 79, 82, 83, 84, 85, 88, 89, 90, 91, 92, 94, 96, 97, 98, 104, 105, 106, 107, 108, 110, 113, 114, 115, 116, 117, 120, 122, 123, 125, 140, 143, 144, 145, 148, 149, 150, 153, 154, 157, 158, 159, 160, 161, 163, 165, 181, 182, 185, 186, 189, 190, 191, 192, 193, 194, 196, 198, 207, 215, 216, 217, 218, 219, 221, 224, 226, 228, 231, 235, 239, 243, 247, 252, 257, 263, 265, 267, 268, 271, 272, 273, 274, 276, 277, 280, 288, 291, 292, 300, 308, 309, 310, 311, 312, 313, 314, 315, 316, 319, 320, 321, 322, 324, 326, 327, 328, 329, 330, 331, 332, 333, 334, 335, 336, 337, 340], "summary": {"covered_lines": 143, "num_statements": 143, "percent_covered": 97.07317073170732, "percent_covered_display": "97", "missing_lines": 0, "excluded_lines": 2, "num_branches": 62, "num_partial_branches": 6, "covered_branches": 56, "missing_branches": 6}, "missing_lines": [], "excluded_lines": [340, 341], "executed_branches": [[69, 70], [69, 72], [72, 73], [72, 75], [83, 84], [83, 88], [84, 85], [88, 89], [88, 94], [90, 91], [90, 104], [91, 92], [96, 97], [96, 104], [97, 98], [104, 105], [104, 110], [106, 107], [106, 113], [107, 108], [114, 115], [114, 120], [115, 116], [144, 145], [144, 148], [149, 150], [153, 154], [153, 157], [158, 159], [158, 160], [160, 161], [160, 163], [185, 186], [185, 189], [189, 190], [189, 191], [191, 192], [191, 193], [193, 194], [193, 196], [215, 216], [215, 221], [216, 215], [216, 217], [218, 215], [218, 219], [271, 272], [271, 273], [273, 274], [273, 276], [291, 292], [291, 300], [308, 309], [308, 319], [319, 320], [319, 324]], "missing_branches": [[84, 83], [91, 90], [97, 96], [107, 106], [115, 114], [149, 153]], "functions": {"VulnerabilityEnricher.__init__": {"executed_lines": [52, 53, 54, 55], "summary": {"covered_lines": 4, "num_statements": 4, "percent_covered": 100.0, "percent_covered_display": "100", "missing_lines": 0, "excluded_lines": 0, "num_branches": 0, "num_partial_branches": 0, "covered_branches": 0, "missing_branches": 0}, "missing_lines": [], "excluded_lines": [], "executed_branches": [], "missing_branches": []}, "VulnerabilityEnricher.enrich_all": {"executed_lines": [69, 70, 72, 73, 75, 78, 79, 82, 83, 84, 85, 88, 89, 90, 91, 92, 94, 96, 97, 98, 104, 105, 106, 107, 108, 110, 113, 114, 115, 116, 117, 120, 122, 123], "summary": {"covered_lines": 34, "num_statements": 34, "percent_covered": 91.93548387096774, "percent_covered_display": "92", "missing_lines": 0, "excluded_lines": 0, "num_branches": 28, "num_partial_branches": 5, "covered_branches": 23, "missing_branches": 5}, "missing_lines": [], "excluded_lines": [], "executed_branches": [[69, 70], [69, 72], [72, 73], [72, 75], [83, 84], [83, 88], [84, 85], [88, 89], [88, 94], [90, 91], [90, 104], [91, 92], [96, 97], [96, 104], [97, 98], [104, 105], [104, 110], [106, 107], [106, 113], [107, 108], [114, 115], [114, 120], [115, 116]], "missing_branches": [[84, 83], [91, 90], [97, 96], [107, 106], [115, 114]]}, "VulnerabilityEnricher._calculate_risk_score": {"executed_lines": [140, 143, 144, 145, 148, 149, 150, 153, 154, 157, 158, 159, 160, 161, 163], "summary": {"covered_lines": 15, "num_statements": 15, "percent_covered": 96.0, "percent_covered_display": "96", "missing_lines": 0, "excluded_lines": 0, "num_branches": 10, "num_partial_branches": 1, "covered_branches": 9, "missing_branches": 1}, "missing_lines": [], "excluded_lines": [], "executed_branches": [[144, 145], [144, 148], [149, 150], [153, 154], [153, 157], [158, 159], [158, 160], [160, 161], [160, 163]], "missing_branches": [[149, 153]]}, "VulnerabilityEnricher._calculate_priority": {"executed_lines": [181, 182, 185, 186, 189, 190, 191, 192, 193, 194, 196], "summary": {"covered_lines": 11, "num_statements": 11, "percent_covered": 100.0, "percent_covered_display": "100", "missing_lines": 0, "excluded_lines": 0, "num_branches": 8, "num_partial_branches": 0, "covered_branches": 8, "missing_branches": 0}, "missing_lines": [], "excluded_lines": [], "executed_branches": [[185, 186], [185, 189], [189, 190], [189, 191], [191, 192], [191, 193], [193, 194], [193, 196]], "missing_branches": []}, "VulnerabilityEnricher.get_priority_summary": {"executed_lines": [207, 215, 216, 217, 218, 219, 221], "summary": {"covered_lines": 7, "num_statements": 7, "percent_covered": 100.0, "percent_covered_display": "100", "missing_lines": 0, "excluded_lines": 0, "num_branches": 6, "num_partial_branches": 0, "covered_branches": 6, "missing_branches": 0}, "missing_lines": [], "excluded_lines": [], "executed_branches": [[215, 216], [215, 221], [216, 215], [216, 217], [218, 215], [218, 219]], "missing_branches": []}, "main": {"executed_lines": [226, 228, 231, 235, 239, 243, 247, 252, 257, 263, 265, 267, 268, 271, 272, 273, 274, 276, 277, 280, 288, 291, 292, 300, 308, 309, 310, 311, 312, 313, 314, 315, 316, 319, 320, 321, 322, 324, 326, 327, 328, 329, 330, 331, 332, 333, 334, 335, 336, 337], "summary": {"covered_lines": 50, "num_statements": 50, "percent_covered": 100.0, "percent_covered_display": "100", "missing_lines": 0, "excluded_lines": 0, "num_branches": 10, "num_partial_branches": 0, "covered_branches": 10, "missing_branches": 0}, "missing_lines": [], "excluded_lines": [], "executed_branches": [[271, 272], [271, 273], [273, 274], [273, 276], [291, 292], [291, 300], [308, 309], [308, 319], [319, 320], [319, 324]], "missing_branches": []}, "": {"executed_lines": [2, 8, 9, 10, 12, 13, 14, 15, 18, 19, 22, 23, 24, 25, 28, 29, 30, 31, 33, 57, 125, 165, 198, 224, 340], "summary": {"covered_lines": 22, "num_statements": 22, "percent_covered": 100.0, "percent_covered_display": "100", "missing_lines": 0, "excluded_lines": 2, "num_branches": 0, "num_partial_branches": 0, "covered_branches": 0, "missing_branches": 0}, "missing_lines": [], "excluded_lines": [340, 341], "executed_branches": [], "missing_branches": []}}, "classes": {"VulnerabilityEnricher": {"executed_lines": [52, 53, 54, 55, 69, 70, 72, 73, 75, 78, 79, 82, 83, 84, 85, 88, 89, 90, 91, 92, 94, 96, 97, 98, 104, 105, 106, 107, 108, 110, 113, 114, 115, 116, 117, 120, 122, 123, 140, 143, 144, 145, 148, 149, 150, 153, 154, 157, 158, 159, 160, 161, 163, 181, 182, 185, 186, 189, 190, 191, 192, 193, 194, 196, 207, 215, 216, 217, 218, 219, 221], "summary": {"covered_lines": 71, "num_statements": 71, "percent_covered": 95.1219512195122, "percent_covered_display": "95", "missing_lines": 0, "excluded_lines": 0, "num_branches": 52, "num_partial_branches": 6, "covered_branches": 46, "missing_branches": 6}, "missing_lines": [], "excluded_lines": [], "executed_branches": [[69, 70], [69, 72], [72, 73], [72, 75], [83, 84], [83, 88], [84, 85], [88, 89], [88, 94], [90, 91], [90, 104], [91, 92], [96, 97], [96, 104], [97, 98], [104, 105], [104, 110], [106, 107], [106, 113], [107, 108], [114, 115], [114, 120], [115, 116], [144, 145], [144, 148], [149, 150], [153, 154], [153, 157], [158, 159], [158, 160], [160, 161], [160, 163], [185, 186], [185, 189], [189, 190], [189, 191], [191, 192], [191, 193], [193, 194], [193, 196], [215, 216], [215, 221], [216, 215], [216, 217], [218, 215], [218, 219]], "missing_branches": [[84, 83], [91, 90], [97, 96], [107, 106], [115, 114], [149, 153]]}, "": {"executed_lines": [2, 8, 9, 10, 12, 13, 14, 15, 18, 19, 22, 23, 24, 25, 28, 29, 30, 31, 33, 57, 125, 165, 198, 224, 226, 228, 231, 235, 239, 243, 247, 252, 257, 263, 265, 267, 268, 271, 272, 273, 274, 276, 277, 280, 288, 291, 292, 300, 308, 309, 310, 311, 312, 313, 314, 315, 316, 319, 320, 321, 322, 324, 326, 327, 328, 329, 330, 331, 332, 333, 334, 335, 336, 337, 340], "summary": {"covered_lines": 72, "num_statements": 72, "percent_covered": 100.0, "percent_covered_display": "100", "missing_lines": 0, "excluded_lines": 2, "num_branches": 10, "num_partial_branches": 0, "covered_branches": 10, "missing_branches": 0}, "missing_lines": [], "excluded_lines": [340, 341], "executed_branches": [[271, 272], [271, 273], [273, 274], [273, 276], [291, 292], [291, 300], [308, 309], [308, 319], [319, 320], [319, 324]], "missing_branches": []}}}, "tools/supplychain/write_sbom.py": {"executed_lines": [2, 8, 9, 10, 11, 12, 13, 16, 26, 27, 30, 46, 55, 58, 65, 68, 69, 70, 72, 83, 84, 91, 92, 97, 100, 108, 109, 110, 112, 122, 125, 134, 135, 138, 148, 149, 152, 178, 184, 185, 187, 196, 197, 200, 201, 210, 219, 227, 230, 234, 235, 254, 256, 259, 260, 263, 268, 273, 278, 285, 288, 289, 290, 291, 292, 293, 294, 300, 301, 302, 304, 305, 308, 309, 310, 315, 318], "summary": {"covered_lines": 75, "num_statements": 98, "percent_covered": 70.58823529411765, "percent_covered_display": "71", "missing_lines": 23, "excluded_lines": 2, "num_branches": 38, "num_partial_branches": 7, "covered_branches": 21, "missing_branches": 17}, "missing_lines": [101, 114, 115, 116, 211, 220, 231, 236, 241, 243, 244, 245, 246, 247, 248, 250, 251, 295, 296, 297, 311, 312, 313], "excluded_lines": [318, 319], "executed_branches": [[68, 69], [68, 108], [83, 84], [83, 91], [91, 92], [91, 97], [100, 68], [108, 109], [108, 122], [112, 108], [184, 185], [184, 254], [196, 197], [200, 201], [200, 210], [210, 219], [219, 227], [230, 234], [235, 184], [300, 301], [300, 304]], "missing_branches": [[100, 101], [112, 114], [114, 112], [114, 115], [196, 200], [210, 211], [219, 220], [230, 231], [235, 236], [241, 243], [241, 250], [244, 241], [244, 245], [246, 247], [246, 248], [250, 184], [250, 251]], "functions": {"generate_spdx_document": {"executed_lines": [26, 27, 30, 46, 55, 58, 65, 68, 69, 70, 72, 83, 84, 91, 92, 97, 100, 108, 109, 110, 112, 122], "summary": {"covered_lines": 22, "num_statements": 26, "percent_covered": 80.0, "percent_covered_display": "80", "missing_lines": 4, "excluded_lines": 0, "num_branches": 14, "num_partial_branches": 2, "covered_branches": 10, "missing_branches": 4}, "missing_lines": [101, 114, 115, 116], "excluded_lines": [], "executed_branches": [[68, 69], [68, 108], [83, 84], [83, 91], [91, 92], [91, 97], [100, 68], [108, 109], [108, 122], [112, 108]], "missing_branches": [[100, 101], [112, 114], [114, 112], [114, 115]]}, "sanitize_spdx_id": {"executed_lines": [134, 135], "summary": {"covered_lines": 2, "num_statements": 2, "percent_covered": 100.0, "percent_covered_display": "100", "missing_lines": 0, "excluded_lines": 0, "num_branches": 0, "num_partial_branches": 0, "covered_branches": 0, "missing_branches": 0}, "missing_lines": [], "excluded_lines": [], "executed_branches": [], "missing_branches": []}, "generate_cyclonedx_document": {"executed_lines": [148, 149, 152, 178, 184, 185, 187, 196, 197, 200, 201, 210, 219, 227, 230, 234, 235, 254, 256], "summary": {"covered_lines": 19, "num_statements": 32, "percent_covered": 51.851851851851855, "percent_covered_display": "52", "missing_lines": 13, "excluded_lines": 0, "num_branches": 22, "num_partial_branches": 5, "covered_branches": 9, "missing_branches": 13}, "missing_lines": [211, 220, 231, 236, 241, 243, 244, 245, 246, 247, 248, 250, 251], "excluded_lines": [], "executed_branches": [[184, 185], [184, 254], [196, 197], [200, 201], [200, 210], [210, 219], [219, 227], [230, 234], [235, 184]], "missing_branches": [[196, 200], [210, 211], [219, 220], [230, 231], [235, 236], [241, 243], [241, 250], [244, 241], [244, 245], [246, 247], [246, 248], [250, 184], [250, 251]]}, "main": {"executed_lines": [260, 263, 268, 273, 278, 285, 288, 289, 290, 291, 292, 293, 294, 300, 301, 302, 304, 305, 308, 309, 310, 315], "summary": {"covered_lines": 22, "num_statements": 28, "percent_covered": 80.0, "percent_covered_display": "80", "missing_lines": 6, "excluded_lines": 0, "num_branches": 2, "num_partial_branches": 0, "covered_branches": 2, "missing_branches": 0}, "missing_lines": [295, 296, 297, 311, 312, 313], "excluded_lines": [], "executed_branches": [[300, 301], [300, 304]], "missing_branches": []}, "": {"executed_lines": [2, 8, 9, 10, 11, 12, 13, 16, 125, 138, 259, 318], "summary": {"covered_lines": 10, "num_statements": 10, "percent_covered": 100.0, "percent_covered_display": "100", "missing_lines": 0, "excluded_lines": 2, "num_branches": 0, "num_partial_branches": 0, "covered_branches": 0, "missing_branches": 0}, "missing_lines": [], "excluded_lines": [318, 319], "executed_branches": [], "missing_branches": []}}, "classes": {"": {"executed_lines": [2, 8, 9, 10, 11, 12, 13, 16, 26, 27, 30, 46, 55, 58, 65, 68, 69, 70, 72, 83, 84, 91, 92, 97, 100, 108, 109, 110, 112, 122, 125, 134, 135, 138, 148, 149, 152, 178, 184, 185, 187, 196, 197, 200, 201, 210, 219, 227, 230, 234, 235, 254, 256, 259, 260, 263, 268, 273, 278, 285, 288, 289, 290, 291, 292, 293, 294, 300, 301, 302, 304, 305, 308, 309, 310, 315, 318], "summary": {"covered_lines": 75, "num_statements": 98, "percent_covered": 70.58823529411765, "percent_covered_display": "71", "missing_lines": 23, "excluded_lines": 2, "num_branches": 38, "num_partial_branches": 7, "covered_branches": 21, "missing_branches": 17}, "missing_lines": [101, 114, 115, 116, 211, 220, 231, 236, 241, 243, 244, 245, 246, 247, 248, 250, 251, 295, 296, 297, 311, 312, 313], "excluded_lines": [318, 319], "executed_branches": [[68, 69], [68, 108], [83, 84], [83, 91], [91, 92], [91, 97], [100, 68], [108, 109], [108, 122], [112, 108], [184, 185], [184, 254], [196, 197], [200, 201], [200, 210], [210, 219], [219, 227], [230, 234], [235, 184], [300, 301], [300, 304]], "missing_branches": [[100, 101], [112, 114], [114, 112], [114, 115], [196, 200], [210, 211], [219, 220], [230, 231], [235, 236], [241, 243], [241, 250], [244, 241], [244, 245], [246, 247], [246, 248], [250, 184], [250, 251]]}}}}, "totals": {"covered_lines": 3367, "num_statements": 6044, "percent_covered": 55.36716272261527, "percent_covered_display": "55", "missing_lines": 2677, "excluded_lines": 173, "num_branches": 2154, "num_partial_branches": 164, "covered_branches": 1172, "missing_branches": 982}}